::1 - - [04/Oct/2021:14:00:15 +0000] "GET / HTTP/1.1" 302 66 "-" "Mozilla/5.0 (Windows NT 10.0; Win64; x64) AppleWebKit/537.36 (KHTML, like Gecko) Chrome/94.0.4606.61 Safari/537.36"
::1 - - [04/Oct/2021:14:00:15 +0000] "GET /users/feed HTTP/1.1" 304 - "-" "Mozilla/5.0 (Windows NT 10.0; Win64; x64) AppleWebKit/537.36 (KHTML, like Gecko) Chrome/94.0.4606.61 Safari/537.36"
::1 - - [04/Oct/2021:14:00:16 +0000] "GET /favicon.ico HTTP/1.1" 404 150 "http://localhost:8000/users/feed" "Mozilla/5.0 (Windows NT 10.0; Win64; x64) AppleWebKit/537.36 (KHTML, like Gecko) Chrome/94.0.4606.61 Safari/537.36"
::1 - - [04/Oct/2021:14:00:30 +0000] "GET /chat HTTP/1.1" 304 - "http://localhost:8000/users/feed" "Mozilla/5.0 (Windows NT 10.0; Win64; x64) AppleWebKit/537.36 (KHTML, like Gecko) Chrome/94.0.4606.61 Safari/537.36"
::1 - - [04/Oct/2021:14:01:21 +0000] "GET /chat/fetch-user/?id=61366bcd61f496986c9b636d HTTP/1.1" 200 10644 "http://localhost:8000/chat" "Mozilla/5.0 (Windows NT 10.0; Win64; x64) AppleWebKit/537.36 (KHTML, like Gecko) Chrome/94.0.4606.61 Safari/537.36"
::1 - - [04/Oct/2021:17:35:43 +0000] "GET / HTTP/1.1" 200 2426 "-" "Mozilla/5.0 (Windows NT 10.0; Win64; x64) AppleWebKit/537.36 (KHTML, like Gecko) Chrome/94.0.4606.61 Safari/537.36"
::1 - - [04/Oct/2021:17:35:44 +0000] "GET /favicon.ico HTTP/1.1" 404 150 "http://localhost:8000/" "Mozilla/5.0 (Windows NT 10.0; Win64; x64) AppleWebKit/537.36 (KHTML, like Gecko) Chrome/94.0.4606.61 Safari/537.36"
::1 - - [04/Oct/2021:17:35:46 +0000] "GET /signin HTTP/1.1" 200 2893 "http://localhost:8000/" "Mozilla/5.0 (Windows NT 10.0; Win64; x64) AppleWebKit/537.36 (KHTML, like Gecko) Chrome/94.0.4606.61 Safari/537.36"
::1 - - [04/Oct/2021:17:35:49 +0000] "GET / HTTP/1.1" 304 - "http://localhost:8000/signin" "Mozilla/5.0 (Windows NT 10.0; Win64; x64) AppleWebKit/537.36 (KHTML, like Gecko) Chrome/94.0.4606.61 Safari/537.36"
::1 - - [04/Oct/2021:17:35:51 +0000] "GET /signup HTTP/1.1" 200 3128 "http://localhost:8000/" "Mozilla/5.0 (Windows NT 10.0; Win64; x64) AppleWebKit/537.36 (KHTML, like Gecko) Chrome/94.0.4606.61 Safari/537.36"
::1 - - [04/Oct/2021:17:35:53 +0000] "GET /signup HTTP/1.1" 304 - "http://localhost:8000/signup" "Mozilla/5.0 (Windows NT 10.0; Win64; x64) AppleWebKit/537.36 (KHTML, like Gecko) Chrome/94.0.4606.61 Safari/537.36"
::1 - - [04/Oct/2021:17:35:55 +0000] "GET /signin HTTP/1.1" 304 - "http://localhost:8000/signup" "Mozilla/5.0 (Windows NT 10.0; Win64; x64) AppleWebKit/537.36 (KHTML, like Gecko) Chrome/94.0.4606.61 Safari/537.36"
::1 - - [04/Oct/2021:17:36:01 +0000] "POST /signin HTTP/1.1" 302 66 "http://localhost:8000/signin" "Mozilla/5.0 (Windows NT 10.0; Win64; x64) AppleWebKit/537.36 (KHTML, like Gecko) Chrome/94.0.4606.61 Safari/537.36"
::1 - - [04/Oct/2021:17:36:01 +0000] "GET /signin HTTP/1.1" 302 66 "http://localhost:8000/signin" "Mozilla/5.0 (Windows NT 10.0; Win64; x64) AppleWebKit/537.36 (KHTML, like Gecko) Chrome/94.0.4606.61 Safari/537.36"
::1 - - [04/Oct/2021:17:36:01 +0000] "GET /users/feed HTTP/1.1" 302 58 "http://localhost:8000/signin" "Mozilla/5.0 (Windows NT 10.0; Win64; x64) AppleWebKit/537.36 (KHTML, like Gecko) Chrome/94.0.4606.61 Safari/537.36"
::1 - - [04/Oct/2021:17:36:01 +0000] "GET /users/feed HTTP/1.1" 200 12983 "http://localhost:8000/signin" "Mozilla/5.0 (Windows NT 10.0; Win64; x64) AppleWebKit/537.36 (KHTML, like Gecko) Chrome/94.0.4606.61 Safari/537.36"
::1 - - [04/Oct/2021:17:36:04 +0000] "GET /chat HTTP/1.1" 304 - "http://localhost:8000/users/feed" "Mozilla/5.0 (Windows NT 10.0; Win64; x64) AppleWebKit/537.36 (KHTML, like Gecko) Chrome/94.0.4606.61 Safari/537.36"
::1 - - [04/Oct/2021:17:36:36 +0000] "GET / HTTP/1.1" 200 2426 "-" "Mozilla/5.0 (Windows NT 10.0; Win64; x64) AppleWebKit/537.36 (KHTML, like Gecko) Chrome/94.0.4606.71 Safari/537.36 Edg/94.0.992.38"
::1 - - [04/Oct/2021:17:36:36 +0000] "GET /favicon.ico HTTP/1.1" 404 150 "http://localhost:8000/" "Mozilla/5.0 (Windows NT 10.0; Win64; x64) AppleWebKit/537.36 (KHTML, like Gecko) Chrome/94.0.4606.71 Safari/537.36 Edg/94.0.992.38"
::1 - - [04/Oct/2021:17:36:45 +0000] "GET /signin HTTP/1.1" 200 2893 "http://localhost:8000/" "Mozilla/5.0 (Windows NT 10.0; Win64; x64) AppleWebKit/537.36 (KHTML, like Gecko) Chrome/94.0.4606.71 Safari/537.36 Edg/94.0.992.38"
::1 - - [04/Oct/2021:17:36:49 +0000] "POST /signin HTTP/1.1" 302 66 "http://localhost:8000/signin" "Mozilla/5.0 (Windows NT 10.0; Win64; x64) AppleWebKit/537.36 (KHTML, like Gecko) Chrome/94.0.4606.71 Safari/537.36 Edg/94.0.992.38"
::1 - - [04/Oct/2021:17:36:49 +0000] "GET /signin HTTP/1.1" 200 2893 "http://localhost:8000/signin" "Mozilla/5.0 (Windows NT 10.0; Win64; x64) AppleWebKit/537.36 (KHTML, like Gecko) Chrome/94.0.4606.71 Safari/537.36 Edg/94.0.992.38"
::1 - - [04/Oct/2021:17:36:49 +0000] "GET /users/feed HTTP/1.1" 302 58 "http://localhost:8000/signin" "Mozilla/5.0 (Windows NT 10.0; Win64; x64) AppleWebKit/537.36 (KHTML, like Gecko) Chrome/94.0.4606.71 Safari/537.36 Edg/94.0.992.38"
::1 - - [04/Oct/2021:17:36:55 +0000] "GET /users/feed HTTP/1.1" 200 14178 "http://localhost:8000/signin" "Mozilla/5.0 (Windows NT 10.0; Win64; x64) AppleWebKit/537.36 (KHTML, like Gecko) Chrome/94.0.4606.71 Safari/537.36 Edg/94.0.992.38"
::1 - - [04/Oct/2021:17:36:55 +0000] "POST /signin HTTP/1.1" 302 66 "http://localhost:8000/signin" "Mozilla/5.0 (Windows NT 10.0; Win64; x64) AppleWebKit/537.36 (KHTML, like Gecko) Chrome/94.0.4606.71 Safari/537.36 Edg/94.0.992.38"
::1 - - [04/Oct/2021:17:36:58 +0000] "GET /chat HTTP/1.1" 304 - "http://localhost:8000/users/feed" "Mozilla/5.0 (Windows NT 10.0; Win64; x64) AppleWebKit/537.36 (KHTML, like Gecko) Chrome/94.0.4606.71 Safari/537.36 Edg/94.0.992.38"
::1 - - [04/Oct/2021:17:37:03 +0000] "GET /chat/fetch-user/?id=61366bcd61f496986c9b636d HTTP/1.1" 304 - "http://localhost:8000/chat" "Mozilla/5.0 (Windows NT 10.0; Win64; x64) AppleWebKit/537.36 (KHTML, like Gecko) Chrome/94.0.4606.61 Safari/537.36"
::1 - - [04/Oct/2021:17:37:05 +0000] "POST /chat/create-message HTTP/1.1" 200 26 "http://localhost:8000/chat" "Mozilla/5.0 (Windows NT 10.0; Win64; x64) AppleWebKit/537.36 (KHTML, like Gecko) Chrome/94.0.4606.61 Safari/537.36"
::1 - - [04/Oct/2021:17:37:08 +0000] "GET /chat/fetch-user/?id=6137254f2b10847590a974e1 HTTP/1.1" 200 10849 "http://localhost:8000/chat" "Mozilla/5.0 (Windows NT 10.0; Win64; x64) AppleWebKit/537.36 (KHTML, like Gecko) Chrome/94.0.4606.71 Safari/537.36 Edg/94.0.992.38"
::1 - - [04/Oct/2021:17:37:12 +0000] "POST /chat/create-message HTTP/1.1" 200 26 "http://localhost:8000/chat" "Mozilla/5.0 (Windows NT 10.0; Win64; x64) AppleWebKit/537.36 (KHTML, like Gecko) Chrome/94.0.4606.71 Safari/537.36 Edg/94.0.992.38"
::1 - - [04/Oct/2021:17:37:12 +0000] "GET /favicon.ico HTTP/1.1" 404 150 "http://localhost:8000/chat" "Mozilla/5.0 (Windows NT 10.0; Win64; x64) AppleWebKit/537.36 (KHTML, like Gecko) Chrome/94.0.4606.61 Safari/537.36"
::1 - - [04/Oct/2021:17:55:47 +0000] "GET / HTTP/1.1" 302 66 "-" "Mozilla/5.0 (Windows NT 10.0; Win64; x64) AppleWebKit/537.36 (KHTML, like Gecko) Chrome/94.0.4606.61 Safari/537.36"
::1 - - [04/Oct/2021:17:55:47 +0000] "GET /users/feed HTTP/1.1" 304 - "-" "Mozilla/5.0 (Windows NT 10.0; Win64; x64) AppleWebKit/537.36 (KHTML, like Gecko) Chrome/94.0.4606.61 Safari/537.36"
::1 - - [04/Oct/2021:17:55:47 +0000] "GET /favicon.ico HTTP/1.1" 404 150 "http://localhost:8000/users/feed" "Mozilla/5.0 (Windows NT 10.0; Win64; x64) AppleWebKit/537.36 (KHTML, like Gecko) Chrome/94.0.4606.61 Safari/537.36"
::1 - - [04/Oct/2021:17:55:55 +0000] "GET /chat HTTP/1.1" 304 - "http://localhost:8000/users/feed" "Mozilla/5.0 (Windows NT 10.0; Win64; x64) AppleWebKit/537.36 (KHTML, like Gecko) Chrome/94.0.4606.61 Safari/537.36"
::1 - - [04/Oct/2021:17:55:58 +0000] "GET /chat/fetch-user/?id=61366bcd61f496986c9b636d HTTP/1.1" 200 11052 "http://localhost:8000/chat" "Mozilla/5.0 (Windows NT 10.0; Win64; x64) AppleWebKit/537.36 (KHTML, like Gecko) Chrome/94.0.4606.61 Safari/537.36"
::1 - - [04/Oct/2021:17:55:59 +0000] "GET /chat/fetch-user/?id=6138b7c0c16bea8ba8666256 HTTP/1.1" 304 - "http://localhost:8000/chat" "Mozilla/5.0 (Windows NT 10.0; Win64; x64) AppleWebKit/537.36 (KHTML, like Gecko) Chrome/94.0.4606.61 Safari/537.36"
::1 - - [04/Oct/2021:17:56:00 +0000] "GET /chat/fetch-user/?id=61366bcd61f496986c9b636d HTTP/1.1" 304 - "http://localhost:8000/chat" "Mozilla/5.0 (Windows NT 10.0; Win64; x64) AppleWebKit/537.36 (KHTML, like Gecko) Chrome/94.0.4606.61 Safari/537.36"
::1 - - [04/Oct/2021:17:56:01 +0000] "GET /chat/fetch-user/?id=6138b7c0c16bea8ba8666256 HTTP/1.1" 304 - "http://localhost:8000/chat" "Mozilla/5.0 (Windows NT 10.0; Win64; x64) AppleWebKit/537.36 (KHTML, like Gecko) Chrome/94.0.4606.61 Safari/537.36"
::1 - - [04/Oct/2021:17:56:03 +0000] "GET /chat/fetch-user/?id=61366bcd61f496986c9b636d HTTP/1.1" 304 - "http://localhost:8000/chat" "Mozilla/5.0 (Windows NT 10.0; Win64; x64) AppleWebKit/537.36 (KHTML, like Gecko) Chrome/94.0.4606.61 Safari/537.36"
::1 - - [04/Oct/2021:17:56:08 +0000] "GET /users/feed HTTP/1.1" 304 - "http://localhost:8000/chat" "Mozilla/5.0 (Windows NT 10.0; Win64; x64) AppleWebKit/537.36 (KHTML, like Gecko) Chrome/94.0.4606.61 Safari/537.36"
::1 - - [04/Oct/2021:17:56:10 +0000] "GET /users/search/?text=b HTTP/1.1" 304 - "http://localhost:8000/users/feed" "Mozilla/5.0 (Windows NT 10.0; Win64; x64) AppleWebKit/537.36 (KHTML, like Gecko) Chrome/94.0.4606.61 Safari/537.36"
::1 - - [04/Oct/2021:17:56:10 +0000] "GET /users/search/?text=bha HTTP/1.1" 304 - "http://localhost:8000/users/feed" "Mozilla/5.0 (Windows NT 10.0; Win64; x64) AppleWebKit/537.36 (KHTML, like Gecko) Chrome/94.0.4606.61 Safari/537.36"
::1 - - [04/Oct/2021:17:56:10 +0000] "GET /users/search/?text=bha HTTP/1.1" 304 - "http://localhost:8000/users/feed" "Mozilla/5.0 (Windows NT 10.0; Win64; x64) AppleWebKit/537.36 (KHTML, like Gecko) Chrome/94.0.4606.61 Safari/537.36"
::1 - - [04/Oct/2021:17:56:11 +0000] "GET /users/search/?text=bh HTTP/1.1" 304 - "http://localhost:8000/users/feed" "Mozilla/5.0 (Windows NT 10.0; Win64; x64) AppleWebKit/537.36 (KHTML, like Gecko) Chrome/94.0.4606.61 Safari/537.36"
::1 - - [04/Oct/2021:17:56:11 +0000] "GET /users/search/?text=b HTTP/1.1" 304 - "http://localhost:8000/users/feed" "Mozilla/5.0 (Windows NT 10.0; Win64; x64) AppleWebKit/537.36 (KHTML, like Gecko) Chrome/94.0.4606.61 Safari/537.36"
::1 - - [04/Oct/2021:17:56:11 +0000] "GET /users/search/?text= HTTP/1.1" 304 - "http://localhost:8000/users/feed" "Mozilla/5.0 (Windows NT 10.0; Win64; x64) AppleWebKit/537.36 (KHTML, like Gecko) Chrome/94.0.4606.61 Safari/537.36"
::1 - - [04/Oct/2021:17:56:12 +0000] "GET /users/search/?text=d HTTP/1.1" 304 - "http://localhost:8000/users/feed" "Mozilla/5.0 (Windows NT 10.0; Win64; x64) AppleWebKit/537.36 (KHTML, like Gecko) Chrome/94.0.4606.61 Safari/537.36"
::1 - - [04/Oct/2021:17:56:12 +0000] "GET /users/search/?text=dd HTTP/1.1" 200 61 "http://localhost:8000/users/feed" "Mozilla/5.0 (Windows NT 10.0; Win64; x64) AppleWebKit/537.36 (KHTML, like Gecko) Chrome/94.0.4606.61 Safari/537.36"
::1 - - [04/Oct/2021:17:56:13 +0000] "GET /users/search/?text=d HTTP/1.1" 304 - "http://localhost:8000/users/feed" "Mozilla/5.0 (Windows NT 10.0; Win64; x64) AppleWebKit/537.36 (KHTML, like Gecko) Chrome/94.0.4606.61 Safari/537.36"
::1 - - [04/Oct/2021:17:56:14 +0000] "GET /users/profile/6138b7c0c16bea8ba8666256 HTTP/1.1" 200 5506 "http://localhost:8000/users/feed" "Mozilla/5.0 (Windows NT 10.0; Win64; x64) AppleWebKit/537.36 (KHTML, like Gecko) Chrome/94.0.4606.61 Safari/537.36"
::1 - - [04/Oct/2021:17:56:19 +0000] "GET / HTTP/1.1" 302 66 "http://localhost:8000/users/profile/6138b7c0c16bea8ba8666256" "Mozilla/5.0 (Windows NT 10.0; Win64; x64) AppleWebKit/537.36 (KHTML, like Gecko) Chrome/94.0.4606.61 Safari/537.36"
::1 - - [04/Oct/2021:17:56:19 +0000] "GET /users/feed HTTP/1.1" 304 - "http://localhost:8000/users/profile/6138b7c0c16bea8ba8666256" "Mozilla/5.0 (Windows NT 10.0; Win64; x64) AppleWebKit/537.36 (KHTML, like Gecko) Chrome/94.0.4606.61 Safari/537.36"
::1 - - [04/Oct/2021:17:56:51 +0000] "GET /chat HTTP/1.1" 304 - "http://localhost:8000/users/feed" "Mozilla/5.0 (Windows NT 10.0; Win64; x64) AppleWebKit/537.36 (KHTML, like Gecko) Chrome/94.0.4606.61 Safari/537.36"
::1 - - [04/Oct/2021:17:57:00 +0000] "GET /chat/fetch-user/?id=61366bcd61f496986c9b636d HTTP/1.1" 304 - "http://localhost:8000/chat" "Mozilla/5.0 (Windows NT 10.0; Win64; x64) AppleWebKit/537.36 (KHTML, like Gecko) Chrome/94.0.4606.61 Safari/537.36"
::1 - - [04/Oct/2021:17:57:01 +0000] "GET /chat/fetch-user/?id=6138b7c0c16bea8ba8666256 HTTP/1.1" 304 - "http://localhost:8000/chat" "Mozilla/5.0 (Windows NT 10.0; Win64; x64) AppleWebKit/537.36 (KHTML, like Gecko) Chrome/94.0.4606.61 Safari/537.36"
::1 - - [04/Oct/2021:17:57:03 +0000] "GET /chat/fetch-user/?id=61366bcd61f496986c9b636d HTTP/1.1" 304 - "http://localhost:8000/chat" "Mozilla/5.0 (Windows NT 10.0; Win64; x64) AppleWebKit/537.36 (KHTML, like Gecko) Chrome/94.0.4606.61 Safari/537.36"
::1 - - [04/Oct/2021:17:57:23 +0000] "GET /chat/fetch-user/?id=6138b7c0c16bea8ba8666256 HTTP/1.1" 304 - "http://localhost:8000/chat" "Mozilla/5.0 (Windows NT 10.0; Win64; x64) AppleWebKit/537.36 (KHTML, like Gecko) Chrome/94.0.4606.61 Safari/537.36"
::1 - - [04/Oct/2021:17:57:24 +0000] "GET /chat/fetch-user/?id=61366bcd61f496986c9b636d HTTP/1.1" 304 - "http://localhost:8000/chat" "Mozilla/5.0 (Windows NT 10.0; Win64; x64) AppleWebKit/537.36 (KHTML, like Gecko) Chrome/94.0.4606.61 Safari/537.36"
::1 - - [04/Oct/2021:17:57:26 +0000] "GET /chat/fetch-user/?id=6138b7c0c16bea8ba8666256 HTTP/1.1" 304 - "http://localhost:8000/chat" "Mozilla/5.0 (Windows NT 10.0; Win64; x64) AppleWebKit/537.36 (KHTML, like Gecko) Chrome/94.0.4606.61 Safari/537.36"
::1 - - [04/Oct/2021:17:57:29 +0000] "GET /chat/fetch-user/?id=61366bcd61f496986c9b636d HTTP/1.1" 304 - "http://localhost:8000/chat" "Mozilla/5.0 (Windows NT 10.0; Win64; x64) AppleWebKit/537.36 (KHTML, like Gecko) Chrome/94.0.4606.61 Safari/537.36"
::1 - - [04/Oct/2021:17:57:32 +0000] "GET /chat/fetch-user/?id=6138b7c0c16bea8ba8666256 HTTP/1.1" 304 - "http://localhost:8000/chat" "Mozilla/5.0 (Windows NT 10.0; Win64; x64) AppleWebKit/537.36 (KHTML, like Gecko) Chrome/94.0.4606.61 Safari/537.36"
::1 - - [04/Oct/2021:17:57:34 +0000] "GET /chat/fetch-user/?id=61366bcd61f496986c9b636d HTTP/1.1" 304 - "http://localhost:8000/chat" "Mozilla/5.0 (Windows NT 10.0; Win64; x64) AppleWebKit/537.36 (KHTML, like Gecko) Chrome/94.0.4606.61 Safari/537.36"
::1 - - [04/Oct/2021:17:57:38 +0000] "GET /chat/fetch-user/?id=6138b7c0c16bea8ba8666256 HTTP/1.1" 304 - "http://localhost:8000/chat" "Mozilla/5.0 (Windows NT 10.0; Win64; x64) AppleWebKit/537.36 (KHTML, like Gecko) Chrome/94.0.4606.61 Safari/537.36"
::1 - - [04/Oct/2021:17:59:43 +0000] "GET /chat/fetch-user/?id=61366bcd61f496986c9b636d HTTP/1.1" 304 - "http://localhost:8000/chat" "Mozilla/5.0 (Windows NT 10.0; Win64; x64) AppleWebKit/537.36 (KHTML, like Gecko) Chrome/94.0.4606.61 Safari/537.36"
::1 - - [04/Oct/2021:17:59:44 +0000] "GET /chat/fetch-user/?id=6138b7c0c16bea8ba8666256 HTTP/1.1" 304 - "http://localhost:8000/chat" "Mozilla/5.0 (Windows NT 10.0; Win64; x64) AppleWebKit/537.36 (KHTML, like Gecko) Chrome/94.0.4606.61 Safari/537.36"
::1 - - [04/Oct/2021:17:59:46 +0000] "GET /chat/fetch-user/?id=61366bcd61f496986c9b636d HTTP/1.1" 304 - "http://localhost:8000/chat" "Mozilla/5.0 (Windows NT 10.0; Win64; x64) AppleWebKit/537.36 (KHTML, like Gecko) Chrome/94.0.4606.61 Safari/537.36"
::1 - - [04/Oct/2021:18:00:09 +0000] "GET /chat/fetch-user/?id=6138b7c0c16bea8ba8666256 HTTP/1.1" 304 - "http://localhost:8000/chat" "Mozilla/5.0 (Windows NT 10.0; Win64; x64) AppleWebKit/537.36 (KHTML, like Gecko) Chrome/94.0.4606.61 Safari/537.36"
::1 - - [04/Oct/2021:18:00:18 +0000] "GET / HTTP/1.1" 302 66 "http://localhost:8000/chat" "Mozilla/5.0 (Windows NT 10.0; Win64; x64) AppleWebKit/537.36 (KHTML, like Gecko) Chrome/94.0.4606.61 Safari/537.36"
::1 - - [04/Oct/2021:18:00:18 +0000] "GET /users/feed HTTP/1.1" 304 - "http://localhost:8000/chat" "Mozilla/5.0 (Windows NT 10.0; Win64; x64) AppleWebKit/537.36 (KHTML, like Gecko) Chrome/94.0.4606.61 Safari/537.36"
::1 - - [04/Oct/2021:18:00:21 +0000] "PUT /likes/toggle?type=Post&id=613725642b10847590a974e9 HTTP/1.1" 200 25 "http://localhost:8000/users/feed" "Mozilla/5.0 (Windows NT 10.0; Win64; x64) AppleWebKit/537.36 (KHTML, like Gecko) Chrome/94.0.4606.61 Safari/537.36"
::1 - - [04/Oct/2021:18:00:27 +0000] "GET /users/sign-out HTTP/1.1" 302 46 "http://localhost:8000/users/feed" "Mozilla/5.0 (Windows NT 10.0; Win64; x64) AppleWebKit/537.36 (KHTML, like Gecko) Chrome/94.0.4606.61 Safari/537.36"
::1 - - [04/Oct/2021:18:00:27 +0000] "GET / HTTP/1.1" 200 2665 "http://localhost:8000/users/feed" "Mozilla/5.0 (Windows NT 10.0; Win64; x64) AppleWebKit/537.36 (KHTML, like Gecko) Chrome/94.0.4606.61 Safari/537.36"
::1 - - [04/Oct/2021:18:04:06 +0000] "GET / HTTP/1.1" 200 2426 "-" "Mozilla/5.0 (Windows NT 10.0; Win64; x64) AppleWebKit/537.36 (KHTML, like Gecko) Chrome/94.0.4606.61 Safari/537.36"
::1 - - [04/Oct/2021:18:04:06 +0000] "GET /favicon.ico HTTP/1.1" 404 150 "http://localhost:8000/" "Mozilla/5.0 (Windows NT 10.0; Win64; x64) AppleWebKit/537.36 (KHTML, like Gecko) Chrome/94.0.4606.61 Safari/537.36"
::1 - - [04/Oct/2021:18:05:01 +0000] "GET /signin HTTP/1.1" 200 2893 "http://localhost:8000/" "Mozilla/5.0 (Linux; Android 6.0; Nexus 5 Build/MRA58N) AppleWebKit/537.36 (KHTML, like Gecko) Chrome/94.0.4606.61 Mobile Safari/537.36"
::1 - - [04/Oct/2021:18:05:23 +0000] "POST /signin HTTP/1.1" 302 66 "http://localhost:8000/signin" "Mozilla/5.0 (Linux; Android 6.0; Nexus 5 Build/MRA58N) AppleWebKit/537.36 (KHTML, like Gecko) Chrome/94.0.4606.61 Mobile Safari/537.36"
::1 - - [04/Oct/2021:18:05:23 +0000] "GET /users/feed HTTP/1.1" 200 13245 "http://localhost:8000/signin" "Mozilla/5.0 (Linux; Android 6.0; Nexus 5 Build/MRA58N) AppleWebKit/537.36 (KHTML, like Gecko) Chrome/94.0.4606.61 Mobile Safari/537.36"
::1 - - [04/Oct/2021:18:06:16 +0000] "GET / HTTP/1.1" 302 66 "http://localhost:8000/users/feed" "Mozilla/5.0 (Linux; Android 6.0; Nexus 5 Build/MRA58N) AppleWebKit/537.36 (KHTML, like Gecko) Chrome/94.0.4606.61 Mobile Safari/537.36"
::1 - - [04/Oct/2021:18:06:16 +0000] "GET /users/feed HTTP/1.1" 200 13003 "http://localhost:8000/users/feed" "Mozilla/5.0 (Linux; Android 6.0; Nexus 5 Build/MRA58N) AppleWebKit/537.36 (KHTML, like Gecko) Chrome/94.0.4606.61 Mobile Safari/537.36"
::1 - - [04/Oct/2021:18:07:44 +0000] "GET /users/sign-out HTTP/1.1" 302 46 "http://localhost:8000/users/feed" "Mozilla/5.0 (Linux; Android 6.0; Nexus 5 Build/MRA58N) AppleWebKit/537.36 (KHTML, like Gecko) Chrome/94.0.4606.61 Mobile Safari/537.36"
::1 - - [04/Oct/2021:18:07:44 +0000] "GET / HTTP/1.1" 200 2665 "http://localhost:8000/users/feed" "Mozilla/5.0 (Linux; Android 6.0; Nexus 5 Build/MRA58N) AppleWebKit/537.36 (KHTML, like Gecko) Chrome/94.0.4606.61 Mobile Safari/537.36"
::ffff:127.0.0.1 - - [04/Oct/2021:18:08:28 +0000] "GET / HTTP/1.1" 200 2426 "-" "Mozilla/5.0 (Windows NT 10.0; Win64; x64; rv:82.0) Gecko/20100101 Firefox/82.0"
::ffff:127.0.0.1 - - [04/Oct/2021:18:08:32 +0000] "GET /favicon.ico HTTP/1.1" 404 150 "http://localhost:8000/" "Mozilla/5.0 (Windows NT 10.0; Win64; x64; rv:82.0) Gecko/20100101 Firefox/82.0"
::ffff:127.0.0.1 - - [04/Oct/2021:18:09:04 +0000] "GET /signin HTTP/1.1" 200 2893 "http://localhost:8000/" "Mozilla/5.0 (Windows NT 10.0; Win64; x64; rv:82.0) Gecko/20100101 Firefox/82.0"
::1 - - [04/Oct/2021:18:15:20 +0000] "GET / HTTP/1.1" 200 2426 "-" "Mozilla/5.0 (Windows NT 10.0; Win64; x64) AppleWebKit/537.36 (KHTML, like Gecko) Chrome/94.0.4606.61 Safari/537.36"
::1 - - [04/Oct/2021:18:15:55 +0000] "GET /signin HTTP/1.1" 200 2893 "http://localhost:8000/" "Mozilla/5.0 (Linux; Android 6.0; Nexus 5 Build/MRA58N) AppleWebKit/537.36 (KHTML, like Gecko) Chrome/94.0.4606.61 Mobile Safari/537.36"
::1 - - [04/Oct/2021:18:16:10 +0000] "POST /signin HTTP/1.1" 302 66 "http://localhost:8000/signin" "Mozilla/5.0 (Linux; Android 6.0; Nexus 5 Build/MRA58N) AppleWebKit/537.36 (KHTML, like Gecko) Chrome/94.0.4606.61 Mobile Safari/537.36"
::1 - - [04/Oct/2021:18:16:10 +0000] "GET /users/feed HTTP/1.1" 200 13245 "http://localhost:8000/signin" "Mozilla/5.0 (Linux; Android 6.0; Nexus 5 Build/MRA58N) AppleWebKit/537.36 (KHTML, like Gecko) Chrome/94.0.4606.61 Mobile Safari/537.36"
::1 - - [04/Oct/2021:18:18:34 +0000] "GET /users/sign-out HTTP/1.1" 302 46 "http://localhost:8000/users/feed" "Mozilla/5.0 (Linux; Android 6.0; Nexus 5 Build/MRA58N) AppleWebKit/537.36 (KHTML, like Gecko) Chrome/94.0.4606.61 Mobile Safari/537.36"
::1 - - [04/Oct/2021:18:18:34 +0000] "GET / HTTP/1.1" 200 2665 "http://localhost:8000/users/feed" "Mozilla/5.0 (Linux; Android 6.0; Nexus 5 Build/MRA58N) AppleWebKit/537.36 (KHTML, like Gecko) Chrome/94.0.4606.61 Mobile Safari/537.36"
::1 - - [04/Oct/2021:18:24:36 +0000] "GET / HTTP/1.1" 200 2426 "-" "Mozilla/5.0 (Linux; Android 6.0; Nexus 5 Build/MRA58N) AppleWebKit/537.36 (KHTML, like Gecko) Chrome/94.0.4606.61 Mobile Safari/537.36"
::1 - - [04/Oct/2021:18:26:41 +0000] "GET / HTTP/1.1" 304 - "-" "Mozilla/5.0 (Windows NT 10.0; Win64; x64) AppleWebKit/537.36 (KHTML, like Gecko) Chrome/94.0.4606.61 Safari/537.36"
::1 - - [04/Oct/2021:18:26:41 +0000] "GET /css/layout.css HTTP/1.1" 404 153 "http://localhost:8000/" "Mozilla/5.0 (Windows NT 10.0; Win64; x64) AppleWebKit/537.36 (KHTML, like Gecko) Chrome/94.0.4606.61 Safari/537.36"
::1 - - [04/Oct/2021:18:26:41 +0000] "GET /css/home.css HTTP/1.1" 404 151 "http://localhost:8000/" "Mozilla/5.0 (Windows NT 10.0; Win64; x64) AppleWebKit/537.36 (KHTML, like Gecko) Chrome/94.0.4606.61 Safari/537.36"
::1 - - [04/Oct/2021:18:26:41 +0000] "GET /js/layout.js HTTP/1.1" 404 151 "http://localhost:8000/" "Mozilla/5.0 (Windows NT 10.0; Win64; x64) AppleWebKit/537.36 (KHTML, like Gecko) Chrome/94.0.4606.61 Safari/537.36"
::1 - - [04/Oct/2021:18:26:41 +0000] "GET /js/home.js HTTP/1.1" 404 149 "http://localhost:8000/" "Mozilla/5.0 (Windows NT 10.0; Win64; x64) AppleWebKit/537.36 (KHTML, like Gecko) Chrome/94.0.4606.61 Safari/537.36"
::1 - - [04/Oct/2021:18:26:42 +0000] "GET /js/layout.js HTTP/1.1" 404 151 "http://localhost:8000/" "Mozilla/5.0 (Windows NT 10.0; Win64; x64) AppleWebKit/537.36 (KHTML, like Gecko) Chrome/94.0.4606.61 Safari/537.36"
::1 - - [04/Oct/2021:18:26:42 +0000] "GET /js/home.js HTTP/1.1" 404 149 "http://localhost:8000/" "Mozilla/5.0 (Windows NT 10.0; Win64; x64) AppleWebKit/537.36 (KHTML, like Gecko) Chrome/94.0.4606.61 Safari/537.36"
::1 - - [04/Oct/2021:18:26:51 +0000] "GET /signin HTTP/1.1" 200 2893 "http://localhost:8000/" "Mozilla/5.0 (Windows NT 10.0; Win64; x64) AppleWebKit/537.36 (KHTML, like Gecko) Chrome/94.0.4606.61 Safari/537.36"
::1 - - [04/Oct/2021:18:26:51 +0000] "GET /css/layout.css HTTP/1.1" 404 153 "http://localhost:8000/signin" "Mozilla/5.0 (Windows NT 10.0; Win64; x64) AppleWebKit/537.36 (KHTML, like Gecko) Chrome/94.0.4606.61 Safari/537.36"
::1 - - [04/Oct/2021:18:26:51 +0000] "GET /css/user_sign_in.css HTTP/1.1" 404 159 "http://localhost:8000/signin" "Mozilla/5.0 (Windows NT 10.0; Win64; x64) AppleWebKit/537.36 (KHTML, like Gecko) Chrome/94.0.4606.61 Safari/537.36"
::1 - - [04/Oct/2021:18:26:51 +0000] "GET /js/layout.js HTTP/1.1" 404 151 "http://localhost:8000/signin" "Mozilla/5.0 (Windows NT 10.0; Win64; x64) AppleWebKit/537.36 (KHTML, like Gecko) Chrome/94.0.4606.61 Safari/537.36"
::1 - - [04/Oct/2021:18:26:51 +0000] "GET /js/user_sign_in.js HTTP/1.1" 404 157 "http://localhost:8000/signin" "Mozilla/5.0 (Windows NT 10.0; Win64; x64) AppleWebKit/537.36 (KHTML, like Gecko) Chrome/94.0.4606.61 Safari/537.36"
::1 - - [04/Oct/2021:18:26:51 +0000] "GET /images/google-sign-in-btn.png HTTP/1.1" 404 168 "http://localhost:8000/signin" "Mozilla/5.0 (Windows NT 10.0; Win64; x64) AppleWebKit/537.36 (KHTML, like Gecko) Chrome/94.0.4606.61 Safari/537.36"
::1 - - [04/Oct/2021:18:26:58 +0000] "GET /signup HTTP/1.1" 304 - "http://localhost:8000/signin" "Mozilla/5.0 (Windows NT 10.0; Win64; x64) AppleWebKit/537.36 (KHTML, like Gecko) Chrome/94.0.4606.61 Safari/537.36"
::1 - - [04/Oct/2021:18:26:58 +0000] "GET /css/layout.css HTTP/1.1" 404 153 "http://localhost:8000/signup" "Mozilla/5.0 (Windows NT 10.0; Win64; x64) AppleWebKit/537.36 (KHTML, like Gecko) Chrome/94.0.4606.61 Safari/537.36"
::1 - - [04/Oct/2021:18:26:58 +0000] "GET /css/user_sign_up.css HTTP/1.1" 404 159 "http://localhost:8000/signup" "Mozilla/5.0 (Windows NT 10.0; Win64; x64) AppleWebKit/537.36 (KHTML, like Gecko) Chrome/94.0.4606.61 Safari/537.36"
::1 - - [04/Oct/2021:18:26:58 +0000] "GET /js/layout.js HTTP/1.1" 404 151 "http://localhost:8000/signup" "Mozilla/5.0 (Windows NT 10.0; Win64; x64) AppleWebKit/537.36 (KHTML, like Gecko) Chrome/94.0.4606.61 Safari/537.36"
::1 - - [04/Oct/2021:18:26:58 +0000] "GET /images/google-sign-in-btn.png HTTP/1.1" 404 168 "http://localhost:8000/signup" "Mozilla/5.0 (Windows NT 10.0; Win64; x64) AppleWebKit/537.36 (KHTML, like Gecko) Chrome/94.0.4606.61 Safari/537.36"
::1 - - [04/Oct/2021:18:27:04 +0000] "GET /css/layout.css HTTP/1.1" 404 153 "http://localhost:8000/signup" "Mozilla/5.0 (Windows NT 10.0; Win64; x64) AppleWebKit/537.36 (KHTML, like Gecko) Chrome/94.0.4606.61 Safari/537.36"
::1 - - [04/Oct/2021:18:27:04 +0000] "GET /css/user_sign_up.css HTTP/1.1" 404 159 "http://localhost:8000/signup" "Mozilla/5.0 (Windows NT 10.0; Win64; x64) AppleWebKit/537.36 (KHTML, like Gecko) Chrome/94.0.4606.61 Safari/537.36"
::1 - - [04/Oct/2021:18:41:42 +0000] "GET / HTTP/1.1" 500 148 "-" "Mozilla/5.0 (Windows NT 10.0; Win64; x64) AppleWebKit/537.36 (KHTML, like Gecko) Chrome/94.0.4606.61 Safari/537.36"
::1 - - [04/Oct/2021:18:42:31 +0000] "GET / HTTP/1.1" 500 148 "-" "Mozilla/5.0 (Windows NT 10.0; Win64; x64) AppleWebKit/537.36 (KHTML, like Gecko) Chrome/94.0.4606.61 Safari/537.36"
::1 - - [04/Oct/2021:18:42:32 +0000] "GET / HTTP/1.1" 500 148 "-" "Mozilla/5.0 (Windows NT 10.0; Win64; x64) AppleWebKit/537.36 (KHTML, like Gecko) Chrome/94.0.4606.61 Safari/537.36"
::1 - - [04/Oct/2021:18:42:32 +0000] "GET / HTTP/1.1" 500 148 "-" "Mozilla/5.0 (Windows NT 10.0; Win64; x64) AppleWebKit/537.36 (KHTML, like Gecko) Chrome/94.0.4606.61 Safari/537.36"
::1 - - [04/Oct/2021:18:43:18 +0000] "GET / HTTP/1.1" 200 2497 "-" "Mozilla/5.0 (Windows NT 10.0; Win64; x64) AppleWebKit/537.36 (KHTML, like Gecko) Chrome/94.0.4606.61 Safari/537.36"
::1 - - [04/Oct/2021:18:43:18 +0000] "GET /js/home.js HTTP/1.1" 404 149 "http://localhost:8000/" "Mozilla/5.0 (Windows NT 10.0; Win64; x64) AppleWebKit/537.36 (KHTML, like Gecko) Chrome/94.0.4606.61 Safari/537.36"
::1 - - [04/Oct/2021:18:43:18 +0000] "GET /css/home.css HTTP/1.1" 404 151 "http://localhost:8000/" "Mozilla/5.0 (Windows NT 10.0; Win64; x64) AppleWebKit/537.36 (KHTML, like Gecko) Chrome/94.0.4606.61 Safari/537.36"
::1 - - [04/Oct/2021:18:43:18 +0000] "GET /js/layout.js HTTP/1.1" 404 151 "http://localhost:8000/" "Mozilla/5.0 (Windows NT 10.0; Win64; x64) AppleWebKit/537.36 (KHTML, like Gecko) Chrome/94.0.4606.61 Safari/537.36"
::1 - - [04/Oct/2021:18:43:18 +0000] "GET /js/home.js HTTP/1.1" 404 149 "http://localhost:8000/" "Mozilla/5.0 (Windows NT 10.0; Win64; x64) AppleWebKit/537.36 (KHTML, like Gecko) Chrome/94.0.4606.61 Safari/537.36"
::1 - - [04/Oct/2021:18:47:38 +0000] "GET / HTTP/1.1" 200 2498 "-" "Mozilla/5.0 (Windows NT 10.0; Win64; x64) AppleWebKit/537.36 (KHTML, like Gecko) Chrome/94.0.4606.61 Safari/537.36"
::1 - - [04/Oct/2021:18:47:38 +0000] "GET /css/home.css HTTP/1.1" 404 151 "http://localhost:8000/" "Mozilla/5.0 (Windows NT 10.0; Win64; x64) AppleWebKit/537.36 (KHTML, like Gecko) Chrome/94.0.4606.61 Safari/537.36"
::1 - - [04/Oct/2021:18:47:38 +0000] "GET /js/home.js HTTP/1.1" 404 149 "http://localhost:8000/" "Mozilla/5.0 (Windows NT 10.0; Win64; x64) AppleWebKit/537.36 (KHTML, like Gecko) Chrome/94.0.4606.61 Safari/537.36"
::1 - - [04/Oct/2021:18:47:38 +0000] "GET /js/layout.js HTTP/1.1" 404 151 "http://localhost:8000/" "Mozilla/5.0 (Windows NT 10.0; Win64; x64) AppleWebKit/537.36 (KHTML, like Gecko) Chrome/94.0.4606.61 Safari/537.36"
::1 - - [04/Oct/2021:18:47:38 +0000] "GET /js/home.js HTTP/1.1" 404 149 "http://localhost:8000/" "Mozilla/5.0 (Windows NT 10.0; Win64; x64) AppleWebKit/537.36 (KHTML, like Gecko) Chrome/94.0.4606.61 Safari/537.36"
::1 - - [04/Oct/2021:18:47:38 +0000] "GET / HTTP/1.1" 304 - "-" "Mozilla/5.0 (Windows NT 10.0; Win64; x64) AppleWebKit/537.36 (KHTML, like Gecko) Chrome/94.0.4606.61 Safari/537.36"
::1 - - [04/Oct/2021:18:47:38 +0000] "GET /css/home.css HTTP/1.1" 404 151 "http://localhost:8000/" "Mozilla/5.0 (Windows NT 10.0; Win64; x64) AppleWebKit/537.36 (KHTML, like Gecko) Chrome/94.0.4606.61 Safari/537.36"
::1 - - [04/Oct/2021:18:47:38 +0000] "GET /js/home.js HTTP/1.1" 404 149 "http://localhost:8000/" "Mozilla/5.0 (Windows NT 10.0; Win64; x64) AppleWebKit/537.36 (KHTML, like Gecko) Chrome/94.0.4606.61 Safari/537.36"
::1 - - [04/Oct/2021:18:47:38 +0000] "GET /js/layout.js HTTP/1.1" 404 151 "http://localhost:8000/" "Mozilla/5.0 (Windows NT 10.0; Win64; x64) AppleWebKit/537.36 (KHTML, like Gecko) Chrome/94.0.4606.61 Safari/537.36"
::1 - - [04/Oct/2021:18:47:38 +0000] "GET /js/home.js HTTP/1.1" 404 149 "http://localhost:8000/" "Mozilla/5.0 (Windows NT 10.0; Win64; x64) AppleWebKit/537.36 (KHTML, like Gecko) Chrome/94.0.4606.61 Safari/537.36"
::1 - - [04/Oct/2021:18:47:39 +0000] "GET / HTTP/1.1" 304 - "-" "Mozilla/5.0 (Windows NT 10.0; Win64; x64) AppleWebKit/537.36 (KHTML, like Gecko) Chrome/94.0.4606.61 Safari/537.36"
::1 - - [04/Oct/2021:18:47:39 +0000] "GET /css/home.css HTTP/1.1" 404 151 "http://localhost:8000/" "Mozilla/5.0 (Windows NT 10.0; Win64; x64) AppleWebKit/537.36 (KHTML, like Gecko) Chrome/94.0.4606.61 Safari/537.36"
::1 - - [04/Oct/2021:18:47:39 +0000] "GET /js/layout.js HTTP/1.1" 404 151 "http://localhost:8000/" "Mozilla/5.0 (Windows NT 10.0; Win64; x64) AppleWebKit/537.36 (KHTML, like Gecko) Chrome/94.0.4606.61 Safari/537.36"
::1 - - [04/Oct/2021:18:47:39 +0000] "GET /js/home.js HTTP/1.1" 404 149 "http://localhost:8000/" "Mozilla/5.0 (Windows NT 10.0; Win64; x64) AppleWebKit/537.36 (KHTML, like Gecko) Chrome/94.0.4606.61 Safari/537.36"
::1 - - [04/Oct/2021:18:47:40 +0000] "GET / HTTP/1.1" 304 - "http://localhost:8000/" "Mozilla/5.0 (Windows NT 10.0; Win64; x64) AppleWebKit/537.36 (KHTML, like Gecko) Chrome/94.0.4606.61 Safari/537.36"
::1 - - [04/Oct/2021:18:47:40 +0000] "GET /css/home.css HTTP/1.1" 404 151 "http://localhost:8000/" "Mozilla/5.0 (Windows NT 10.0; Win64; x64) AppleWebKit/537.36 (KHTML, like Gecko) Chrome/94.0.4606.61 Safari/537.36"
::1 - - [04/Oct/2021:18:47:40 +0000] "GET /js/layout.js HTTP/1.1" 404 151 "http://localhost:8000/" "Mozilla/5.0 (Windows NT 10.0; Win64; x64) AppleWebKit/537.36 (KHTML, like Gecko) Chrome/94.0.4606.61 Safari/537.36"
::1 - - [04/Oct/2021:18:47:40 +0000] "GET /js/home.js HTTP/1.1" 404 149 "http://localhost:8000/" "Mozilla/5.0 (Windows NT 10.0; Win64; x64) AppleWebKit/537.36 (KHTML, like Gecko) Chrome/94.0.4606.61 Safari/537.36"
::1 - - [04/Oct/2021:18:47:41 +0000] "GET /signin HTTP/1.1" 200 2965 "http://localhost:8000/" "Mozilla/5.0 (Windows NT 10.0; Win64; x64) AppleWebKit/537.36 (KHTML, like Gecko) Chrome/94.0.4606.61 Safari/537.36"
::1 - - [04/Oct/2021:18:47:41 +0000] "GET /css/user_sign_in.css HTTP/1.1" 404 159 "http://localhost:8000/signin" "Mozilla/5.0 (Windows NT 10.0; Win64; x64) AppleWebKit/537.36 (KHTML, like Gecko) Chrome/94.0.4606.61 Safari/537.36"
::1 - - [04/Oct/2021:18:47:41 +0000] "GET /js/layout.js HTTP/1.1" 404 151 "http://localhost:8000/signin" "Mozilla/5.0 (Windows NT 10.0; Win64; x64) AppleWebKit/537.36 (KHTML, like Gecko) Chrome/94.0.4606.61 Safari/537.36"
::1 - - [04/Oct/2021:18:47:41 +0000] "GET /js/user_sign_in.js HTTP/1.1" 404 157 "http://localhost:8000/signin" "Mozilla/5.0 (Windows NT 10.0; Win64; x64) AppleWebKit/537.36 (KHTML, like Gecko) Chrome/94.0.4606.61 Safari/537.36"
::1 - - [04/Oct/2021:18:47:41 +0000] "GET /images/google-sign-in-btn.png HTTP/1.1" 404 168 "http://localhost:8000/signin" "Mozilla/5.0 (Windows NT 10.0; Win64; x64) AppleWebKit/537.36 (KHTML, like Gecko) Chrome/94.0.4606.61 Safari/537.36"
::1 - - [04/Oct/2021:18:47:43 +0000] "GET / HTTP/1.1" 304 - "http://localhost:8000/signin" "Mozilla/5.0 (Windows NT 10.0; Win64; x64) AppleWebKit/537.36 (KHTML, like Gecko) Chrome/94.0.4606.61 Safari/537.36"
::1 - - [04/Oct/2021:18:47:43 +0000] "GET /css/home.css HTTP/1.1" 404 151 "http://localhost:8000/" "Mozilla/5.0 (Windows NT 10.0; Win64; x64) AppleWebKit/537.36 (KHTML, like Gecko) Chrome/94.0.4606.61 Safari/537.36"
::1 - - [04/Oct/2021:18:47:43 +0000] "GET /js/layout.js HTTP/1.1" 404 151 "http://localhost:8000/" "Mozilla/5.0 (Windows NT 10.0; Win64; x64) AppleWebKit/537.36 (KHTML, like Gecko) Chrome/94.0.4606.61 Safari/537.36"
::1 - - [04/Oct/2021:18:47:43 +0000] "GET /js/home.js HTTP/1.1" 404 149 "http://localhost:8000/" "Mozilla/5.0 (Windows NT 10.0; Win64; x64) AppleWebKit/537.36 (KHTML, like Gecko) Chrome/94.0.4606.61 Safari/537.36"
::1 - - [04/Oct/2021:18:47:43 +0000] "GET /js/home.js HTTP/1.1" 404 149 "http://localhost:8000/" "Mozilla/5.0 (Windows NT 10.0; Win64; x64) AppleWebKit/537.36 (KHTML, like Gecko) Chrome/94.0.4606.61 Safari/537.36"
[0mGET / [32m200[0m 18.399 ms - 2487[0m
[0mGET / [36m304[0m 13.269 ms - -[0m
[0mGET /signin [32m200[0m 7.309 ms - 2954[0m
[0mGET / [36m304[0m 12.928 ms - -[0m
::1 - - [04/Oct/2021:20:34:05 +0000] "GET / HTTP/1.1" 200 2482 "http://localhost:8000/signin" "Mozilla/5.0 (Windows NT 10.0; Win64; x64) AppleWebKit/537.36 (KHTML, like Gecko) Chrome/94.0.4606.61 Safari/537.36"
::1 - - [04/Oct/2021:20:34:05 +0000] "GET /undefined HTTP/1.1" 404 148 "http://localhost:8000/" "Mozilla/5.0 (Windows NT 10.0; Win64; x64) AppleWebKit/537.36 (KHTML, like Gecko) Chrome/94.0.4606.61 Safari/537.36"
::1 - - [04/Oct/2021:20:34:05 +0000] "GET /css/home.css HTTP/1.1" 404 151 "http://localhost:8000/" "Mozilla/5.0 (Windows NT 10.0; Win64; x64) AppleWebKit/537.36 (KHTML, like Gecko) Chrome/94.0.4606.61 Safari/537.36"
::1 - - [04/Oct/2021:20:34:05 +0000] "GET /js/layout.js HTTP/1.1" 404 151 "http://localhost:8000/" "Mozilla/5.0 (Windows NT 10.0; Win64; x64) AppleWebKit/537.36 (KHTML, like Gecko) Chrome/94.0.4606.61 Safari/537.36"
::1 - - [04/Oct/2021:20:34:05 +0000] "GET /js/home.js HTTP/1.1" 404 149 "http://localhost:8000/" "Mozilla/5.0 (Windows NT 10.0; Win64; x64) AppleWebKit/537.36 (KHTML, like Gecko) Chrome/94.0.4606.61 Safari/537.36"
::1 - - [04/Oct/2021:20:34:08 +0000] "GET / HTTP/1.1" 304 - "http://localhost:8000/signin" "Mozilla/5.0 (Windows NT 10.0; Win64; x64) AppleWebKit/537.36 (KHTML, like Gecko) Chrome/94.0.4606.61 Safari/537.36"
::1 - - [04/Oct/2021:20:34:08 +0000] "GET /undefined HTTP/1.1" 404 148 "http://localhost:8000/" "Mozilla/5.0 (Windows NT 10.0; Win64; x64) AppleWebKit/537.36 (KHTML, like Gecko) Chrome/94.0.4606.61 Safari/537.36"
::1 - - [04/Oct/2021:20:34:08 +0000] "GET /css/home.css HTTP/1.1" 404 151 "http://localhost:8000/" "Mozilla/5.0 (Windows NT 10.0; Win64; x64) AppleWebKit/537.36 (KHTML, like Gecko) Chrome/94.0.4606.61 Safari/537.36"
::1 - - [04/Oct/2021:20:34:08 +0000] "GET /js/layout.js HTTP/1.1" 404 151 "http://localhost:8000/" "Mozilla/5.0 (Windows NT 10.0; Win64; x64) AppleWebKit/537.36 (KHTML, like Gecko) Chrome/94.0.4606.61 Safari/537.36"
::1 - - [04/Oct/2021:20:34:08 +0000] "GET /js/home.js HTTP/1.1" 404 149 "http://localhost:8000/" "Mozilla/5.0 (Windows NT 10.0; Win64; x64) AppleWebKit/537.36 (KHTML, like Gecko) Chrome/94.0.4606.61 Safari/537.36"
::1 - - [04/Oct/2021:21:19:21 +0000] "GET / HTTP/1.1" 200 2498 "-" "Mozilla/5.0 (Windows NT 10.0; Win64; x64) AppleWebKit/537.36 (KHTML, like Gecko) Chrome/94.0.4606.61 Safari/537.36"
::1 - - [04/Oct/2021:21:19:21 +0000] "GET /css/home.css HTTP/1.1" 404 151 "http://localhost:8000/" "Mozilla/5.0 (Windows NT 10.0; Win64; x64) AppleWebKit/537.36 (KHTML, like Gecko) Chrome/94.0.4606.61 Safari/537.36"
::1 - - [04/Oct/2021:21:19:21 +0000] "GET /js/layout.js HTTP/1.1" 404 151 "http://localhost:8000/" "Mozilla/5.0 (Windows NT 10.0; Win64; x64) AppleWebKit/537.36 (KHTML, like Gecko) Chrome/94.0.4606.61 Safari/537.36"
::1 - - [04/Oct/2021:21:19:21 +0000] "GET /js/home.js HTTP/1.1" 404 149 "http://localhost:8000/" "Mozilla/5.0 (Windows NT 10.0; Win64; x64) AppleWebKit/537.36 (KHTML, like Gecko) Chrome/94.0.4606.61 Safari/537.36"
::1 - - [04/Oct/2021:21:19:21 +0000] "GET /js/layout.js HTTP/1.1" 404 151 "http://localhost:8000/" "Mozilla/5.0 (Windows NT 10.0; Win64; x64) AppleWebKit/537.36 (KHTML, like Gecko) Chrome/94.0.4606.61 Safari/537.36"
::1 - - [04/Oct/2021:21:19:21 +0000] "GET /js/home.js HTTP/1.1" 404 149 "http://localhost:8000/" "Mozilla/5.0 (Windows NT 10.0; Win64; x64) AppleWebKit/537.36 (KHTML, like Gecko) Chrome/94.0.4606.61 Safari/537.36"
::1 - - [04/Oct/2021:21:21:40 +0000] "GET / HTTP/1.1" 200 2472 "-" "Mozilla/5.0 (Windows NT 10.0; Win64; x64) AppleWebKit/537.36 (KHTML, like Gecko) Chrome/94.0.4606.61 Safari/537.36"
::1 - - [04/Oct/2021:21:21:40 +0000] "GET /css/home.css HTTP/1.1" 404 151 "http://localhost:8000/" "Mozilla/5.0 (Windows NT 10.0; Win64; x64) AppleWebKit/537.36 (KHTML, like Gecko) Chrome/94.0.4606.61 Safari/537.36"
::1 - - [04/Oct/2021:21:21:40 +0000] "GET /js/layout.js HTTP/1.1" 404 151 "http://localhost:8000/" "Mozilla/5.0 (Windows NT 10.0; Win64; x64) AppleWebKit/537.36 (KHTML, like Gecko) Chrome/94.0.4606.61 Safari/537.36"
::1 - - [04/Oct/2021:21:21:40 +0000] "GET /js/home.js HTTP/1.1" 404 149 "http://localhost:8000/" "Mozilla/5.0 (Windows NT 10.0; Win64; x64) AppleWebKit/537.36 (KHTML, like Gecko) Chrome/94.0.4606.61 Safari/537.36"
::1 - - [04/Oct/2021:21:21:54 +0000] "GET / HTTP/1.1" 304 - "-" "Mozilla/5.0 (Windows NT 10.0; Win64; x64) AppleWebKit/537.36 (KHTML, like Gecko) Chrome/94.0.4606.61 Safari/537.36"
::1 - - [04/Oct/2021:21:21:54 +0000] "GET /css/home.css HTTP/1.1" 404 151 "http://localhost:8000/" "Mozilla/5.0 (Windows NT 10.0; Win64; x64) AppleWebKit/537.36 (KHTML, like Gecko) Chrome/94.0.4606.61 Safari/537.36"
::1 - - [04/Oct/2021:21:21:54 +0000] "GET /js/layout.js HTTP/1.1" 404 151 "http://localhost:8000/" "Mozilla/5.0 (Windows NT 10.0; Win64; x64) AppleWebKit/537.36 (KHTML, like Gecko) Chrome/94.0.4606.61 Safari/537.36"
::1 - - [04/Oct/2021:21:21:54 +0000] "GET /js/home.js HTTP/1.1" 404 149 "http://localhost:8000/" "Mozilla/5.0 (Windows NT 10.0; Win64; x64) AppleWebKit/537.36 (KHTML, like Gecko) Chrome/94.0.4606.61 Safari/537.36"
::1 - - [04/Oct/2021:21:21:54 +0000] "GET /js/layout.js HTTP/1.1" 404 151 "http://localhost:8000/" "Mozilla/5.0 (Windows NT 10.0; Win64; x64) AppleWebKit/537.36 (KHTML, like Gecko) Chrome/94.0.4606.61 Safari/537.36"
::1 - - [04/Oct/2021:21:21:54 +0000] "GET /js/home.js HTTP/1.1" 404 149 "http://localhost:8000/" "Mozilla/5.0 (Windows NT 10.0; Win64; x64) AppleWebKit/537.36 (KHTML, like Gecko) Chrome/94.0.4606.61 Safari/537.36"
::1 - - [04/Oct/2021:21:21:55 +0000] "GET / HTTP/1.1" 304 - "-" "Mozilla/5.0 (Windows NT 10.0; Win64; x64) AppleWebKit/537.36 (KHTML, like Gecko) Chrome/94.0.4606.61 Safari/537.36"
::1 - - [04/Oct/2021:21:21:55 +0000] "GET /css/home.css HTTP/1.1" 404 151 "http://localhost:8000/" "Mozilla/5.0 (Windows NT 10.0; Win64; x64) AppleWebKit/537.36 (KHTML, like Gecko) Chrome/94.0.4606.61 Safari/537.36"
::1 - - [04/Oct/2021:21:21:55 +0000] "GET /js/layout.js HTTP/1.1" 404 151 "http://localhost:8000/" "Mozilla/5.0 (Windows NT 10.0; Win64; x64) AppleWebKit/537.36 (KHTML, like Gecko) Chrome/94.0.4606.61 Safari/537.36"
::1 - - [04/Oct/2021:21:21:55 +0000] "GET /js/home.js HTTP/1.1" 404 149 "http://localhost:8000/" "Mozilla/5.0 (Windows NT 10.0; Win64; x64) AppleWebKit/537.36 (KHTML, like Gecko) Chrome/94.0.4606.61 Safari/537.36"
::1 - - [04/Oct/2021:21:21:55 +0000] "GET /js/home.js HTTP/1.1" 404 149 "http://localhost:8000/" "Mozilla/5.0 (Windows NT 10.0; Win64; x64) AppleWebKit/537.36 (KHTML, like Gecko) Chrome/94.0.4606.61 Safari/537.36"
::1 - - [04/Oct/2021:21:22:10 +0000] "GET / HTTP/1.1" 200 2498 "-" "Mozilla/5.0 (Windows NT 10.0; Win64; x64) AppleWebKit/537.36 (KHTML, like Gecko) Chrome/94.0.4606.61 Safari/537.36"
::1 - - [04/Oct/2021:21:22:10 +0000] "GET /css/home.css HTTP/1.1" 404 151 "http://localhost:8000/" "Mozilla/5.0 (Windows NT 10.0; Win64; x64) AppleWebKit/537.36 (KHTML, like Gecko) Chrome/94.0.4606.61 Safari/537.36"
::1 - - [04/Oct/2021:21:22:10 +0000] "GET /js/home.js HTTP/1.1" 404 149 "http://localhost:8000/" "Mozilla/5.0 (Windows NT 10.0; Win64; x64) AppleWebKit/537.36 (KHTML, like Gecko) Chrome/94.0.4606.61 Safari/537.36"
::1 - - [04/Oct/2021:21:22:10 +0000] "GET /js/layout.js HTTP/1.1" 404 151 "http://localhost:8000/" "Mozilla/5.0 (Windows NT 10.0; Win64; x64) AppleWebKit/537.36 (KHTML, like Gecko) Chrome/94.0.4606.61 Safari/537.36"
::1 - - [04/Oct/2021:21:22:10 +0000] "GET /js/home.js HTTP/1.1" 404 149 "http://localhost:8000/" "Mozilla/5.0 (Windows NT 10.0; Win64; x64) AppleWebKit/537.36 (KHTML, like Gecko) Chrome/94.0.4606.61 Safari/537.36"
::1 - - [04/Oct/2021:21:36:29 +0000] "GET / HTTP/1.1" 304 - "-" "Mozilla/5.0 (Windows NT 10.0; Win64; x64) AppleWebKit/537.36 (KHTML, like Gecko) Chrome/94.0.4606.61 Safari/537.36"
::1 - - [04/Oct/2021:21:36:29 +0000] "GET /css/home.css HTTP/1.1" 404 151 "http://localhost:8000/" "Mozilla/5.0 (Windows NT 10.0; Win64; x64) AppleWebKit/537.36 (KHTML, like Gecko) Chrome/94.0.4606.61 Safari/537.36"
::1 - - [04/Oct/2021:21:36:29 +0000] "GET /js/home.js HTTP/1.1" 404 149 "http://localhost:8000/" "Mozilla/5.0 (Windows NT 10.0; Win64; x64) AppleWebKit/537.36 (KHTML, like Gecko) Chrome/94.0.4606.61 Safari/537.36"
::1 - - [04/Oct/2021:21:36:29 +0000] "GET /js/layout.js HTTP/1.1" 404 151 "http://localhost:8000/" "Mozilla/5.0 (Windows NT 10.0; Win64; x64) AppleWebKit/537.36 (KHTML, like Gecko) Chrome/94.0.4606.61 Safari/537.36"
::1 - - [04/Oct/2021:21:36:29 +0000] "GET /js/home.js HTTP/1.1" 404 149 "http://localhost:8000/" "Mozilla/5.0 (Windows NT 10.0; Win64; x64) AppleWebKit/537.36 (KHTML, like Gecko) Chrome/94.0.4606.61 Safari/537.36"
::1 - - [04/Oct/2021:21:36:30 +0000] "GET / HTTP/1.1" 304 - "-" "Mozilla/5.0 (Windows NT 10.0; Win64; x64) AppleWebKit/537.36 (KHTML, like Gecko) Chrome/94.0.4606.61 Safari/537.36"
::1 - - [04/Oct/2021:21:36:30 +0000] "GET /css/home.css HTTP/1.1" 404 151 "http://localhost:8000/" "Mozilla/5.0 (Windows NT 10.0; Win64; x64) AppleWebKit/537.36 (KHTML, like Gecko) Chrome/94.0.4606.61 Safari/537.36"
::1 - - [04/Oct/2021:21:36:30 +0000] "GET /js/home.js HTTP/1.1" 404 149 "http://localhost:8000/" "Mozilla/5.0 (Windows NT 10.0; Win64; x64) AppleWebKit/537.36 (KHTML, like Gecko) Chrome/94.0.4606.61 Safari/537.36"
::1 - - [04/Oct/2021:21:36:30 +0000] "GET /js/layout.js HTTP/1.1" 404 151 "http://localhost:8000/" "Mozilla/5.0 (Windows NT 10.0; Win64; x64) AppleWebKit/537.36 (KHTML, like Gecko) Chrome/94.0.4606.61 Safari/537.36"
::1 - - [04/Oct/2021:21:36:30 +0000] "GET /js/home.js HTTP/1.1" 404 149 "http://localhost:8000/" "Mozilla/5.0 (Windows NT 10.0; Win64; x64) AppleWebKit/537.36 (KHTML, like Gecko) Chrome/94.0.4606.61 Safari/537.36"
::1 - - [04/Oct/2021:21:36:46 +0000] "GET / HTTP/1.1" 200 2533 "-" "Mozilla/5.0 (Windows NT 10.0; Win64; x64) AppleWebKit/537.36 (KHTML, like Gecko) Chrome/94.0.4606.61 Safari/537.36"
::1 - - [04/Oct/2021:21:36:46 +0000] "GET /images/social-bg.png HTTP/1.1" 404 159 "http://localhost:8000/css/home-437ffa1578.css" "Mozilla/5.0 (Windows NT 10.0; Win64; x64) AppleWebKit/537.36 (KHTML, like Gecko) Chrome/94.0.4606.61 Safari/537.36"
::1 - - [04/Oct/2021:21:36:46 +0000] "GET /json/particlesjs-config.json HTTP/1.1" 404 167 "http://localhost:8000/" "Mozilla/5.0 (Windows NT 10.0; Win64; x64) AppleWebKit/537.36 (KHTML, like Gecko) Chrome/94.0.4606.61 Safari/537.36"
::1 - - [04/Oct/2021:21:42:25 +0000] "GET / HTTP/1.1" 304 - "-" "Mozilla/5.0 (Windows NT 10.0; Win64; x64) AppleWebKit/537.36 (KHTML, like Gecko) Chrome/94.0.4606.61 Safari/537.36"
::1 - - [04/Oct/2021:21:42:25 +0000] "GET /images/social-bg.png HTTP/1.1" 404 159 "http://localhost:8000/css/home-437ffa1578.css" "Mozilla/5.0 (Windows NT 10.0; Win64; x64) AppleWebKit/537.36 (KHTML, like Gecko) Chrome/94.0.4606.61 Safari/537.36"
::1 - - [04/Oct/2021:21:42:25 +0000] "GET /json/particlesjs-config.json HTTP/1.1" 404 167 "http://localhost:8000/" "Mozilla/5.0 (Windows NT 10.0; Win64; x64) AppleWebKit/537.36 (KHTML, like Gecko) Chrome/94.0.4606.61 Safari/537.36"
::1 - - [04/Oct/2021:21:42:26 +0000] "GET /signin HTTP/1.1" 200 3011 "http://localhost:8000/" "Mozilla/5.0 (Windows NT 10.0; Win64; x64) AppleWebKit/537.36 (KHTML, like Gecko) Chrome/94.0.4606.61 Safari/537.36"
::1 - - [04/Oct/2021:21:42:26 +0000] "GET /images/Endless-Constellation.svg HTTP/1.1" 404 171 "http://localhost:8000/css/user_sign_in-135e7858d8.css" "Mozilla/5.0 (Windows NT 10.0; Win64; x64) AppleWebKit/537.36 (KHTML, like Gecko) Chrome/94.0.4606.61 Safari/537.36"
::1 - - [04/Oct/2021:21:45:46 +0000] "GET /signin HTTP/1.1" 304 - "http://localhost:8000/" "Mozilla/5.0 (Windows NT 10.0; Win64; x64) AppleWebKit/537.36 (KHTML, like Gecko) Chrome/94.0.4606.61 Safari/537.36"
::1 - - [04/Oct/2021:21:45:46 +0000] "GET /css/images/Endless-Constellation-2b19ee56fb.svg HTTP/1.1" 404 186 "http://localhost:8000/css/user_sign_in-135e7858d8.css" "Mozilla/5.0 (Windows NT 10.0; Win64; x64) AppleWebKit/537.36 (KHTML, like Gecko) Chrome/94.0.4606.61 Safari/537.36"
::1 - - [04/Oct/2021:21:45:53 +0000] "GET /signin HTTP/1.1" 304 - "http://localhost:8000/" "Mozilla/5.0 (Windows NT 10.0; Win64; x64) AppleWebKit/537.36 (KHTML, like Gecko) Chrome/94.0.4606.61 Safari/537.36"
::1 - - [04/Oct/2021:21:45:53 +0000] "GET /signin HTTP/1.1" 304 - "http://localhost:8000/" "Mozilla/5.0 (Windows NT 10.0; Win64; x64) AppleWebKit/537.36 (KHTML, like Gecko) Chrome/94.0.4606.61 Safari/537.36"
::1 - - [04/Oct/2021:21:45:54 +0000] "GET /signin HTTP/1.1" 304 - "http://localhost:8000/" "Mozilla/5.0 (Windows NT 10.0; Win64; x64) AppleWebKit/537.36 (KHTML, like Gecko) Chrome/94.0.4606.61 Safari/537.36"
::1 - - [04/Oct/2021:21:45:54 +0000] "GET /signin HTTP/1.1" 304 - "http://localhost:8000/" "Mozilla/5.0 (Windows NT 10.0; Win64; x64) AppleWebKit/537.36 (KHTML, like Gecko) Chrome/94.0.4606.61 Safari/537.36"
::1 - - [04/Oct/2021:21:45:54 +0000] "GET /signin HTTP/1.1" 304 - "http://localhost:8000/" "Mozilla/5.0 (Windows NT 10.0; Win64; x64) AppleWebKit/537.36 (KHTML, like Gecko) Chrome/94.0.4606.61 Safari/537.36"
::1 - - [04/Oct/2021:21:46:36 +0000] "GET /signup HTTP/1.1" 200 3235 "http://localhost:8000/signin" "Mozilla/5.0 (Linux; Android 6.0; Nexus 5 Build/MRA58N) AppleWebKit/537.36 (KHTML, like Gecko) Chrome/94.0.4606.61 Mobile Safari/537.36"
::1 - - [04/Oct/2021:21:46:36 +0000] "GET /css/images/Endless-Constellation-2b19ee56fb.svg HTTP/1.1" 404 186 "http://localhost:8000/css/user_sign_up-ef557e475d.css" "Mozilla/5.0 (Linux; Android 6.0; Nexus 5 Build/MRA58N) AppleWebKit/537.36 (KHTML, like Gecko) Chrome/94.0.4606.61 Mobile Safari/537.36"
::1 - - [04/Oct/2021:21:47:53 +0000] "GET /signup HTTP/1.1" 304 - "http://localhost:8000/signin" "Mozilla/5.0 (Linux; Android 6.0; Nexus 5 Build/MRA58N) AppleWebKit/537.36 (KHTML, like Gecko) Chrome/94.0.4606.61 Mobile Safari/537.36"
::1 - - [04/Oct/2021:21:47:55 +0000] "GET /signup HTTP/1.1" 304 - "http://localhost:8000/signin" "Mozilla/5.0 (Linux; Android 6.0; Nexus 5 Build/MRA58N) AppleWebKit/537.36 (KHTML, like Gecko) Chrome/94.0.4606.61 Mobile Safari/537.36"
::1 - - [04/Oct/2021:21:47:56 +0000] "GET /signup HTTP/1.1" 304 - "http://localhost:8000/signup" "Mozilla/5.0 (Linux; Android 6.0; Nexus 5 Build/MRA58N) AppleWebKit/537.36 (KHTML, like Gecko) Chrome/94.0.4606.61 Mobile Safari/537.36"
::1 - - [04/Oct/2021:21:47:57 +0000] "GET /signin HTTP/1.1" 304 - "http://localhost:8000/signup" "Mozilla/5.0 (Linux; Android 6.0; Nexus 5 Build/MRA58N) AppleWebKit/537.36 (KHTML, like Gecko) Chrome/94.0.4606.61 Mobile Safari/537.36"
::1 - - [04/Oct/2021:21:48:00 +0000] "GET /signin HTTP/1.1" 304 - "http://localhost:8000/signup" "Mozilla/5.0 (Windows NT 10.0; Win64; x64) AppleWebKit/537.36 (KHTML, like Gecko) Chrome/94.0.4606.61 Safari/537.36"
::1 - - [04/Oct/2021:21:48:01 +0000] "GET /signin HTTP/1.1" 304 - "http://localhost:8000/signup" "Mozilla/5.0 (Windows NT 10.0; Win64; x64) AppleWebKit/537.36 (KHTML, like Gecko) Chrome/94.0.4606.61 Safari/537.36"
::1 - - [04/Oct/2021:21:48:01 +0000] "GET /signin HTTP/1.1" 304 - "http://localhost:8000/signup" "Mozilla/5.0 (Windows NT 10.0; Win64; x64) AppleWebKit/537.36 (KHTML, like Gecko) Chrome/94.0.4606.61 Safari/537.36"
::1 - - [04/Oct/2021:21:48:04 +0000] "GET / HTTP/1.1" 304 - "http://localhost:8000/signin" "Mozilla/5.0 (Windows NT 10.0; Win64; x64) AppleWebKit/537.36 (KHTML, like Gecko) Chrome/94.0.4606.61 Safari/537.36"
::1 - - [04/Oct/2021:21:48:04 +0000] "GET /images/social-bg.png HTTP/1.1" 404 159 "http://localhost:8000/css/home-437ffa1578.css" "Mozilla/5.0 (Windows NT 10.0; Win64; x64) AppleWebKit/537.36 (KHTML, like Gecko) Chrome/94.0.4606.61 Safari/537.36"
::1 - - [04/Oct/2021:21:48:04 +0000] "GET /json/particlesjs-config.json HTTP/1.1" 404 167 "http://localhost:8000/" "Mozilla/5.0 (Windows NT 10.0; Win64; x64) AppleWebKit/537.36 (KHTML, like Gecko) Chrome/94.0.4606.61 Safari/537.36"
::1 - - [04/Oct/2021:21:48:57 +0000] "GET / HTTP/1.1" 304 - "http://localhost:8000/" "Mozilla/5.0 (Windows NT 10.0; Win64; x64) AppleWebKit/537.36 (KHTML, like Gecko) Chrome/94.0.4606.61 Safari/537.36"
::1 - - [04/Oct/2021:21:48:57 +0000] "GET /images/social-bg.png HTTP/1.1" 404 159 "http://localhost:8000/css/home-437ffa1578.css" "Mozilla/5.0 (Windows NT 10.0; Win64; x64) AppleWebKit/537.36 (KHTML, like Gecko) Chrome/94.0.4606.61 Safari/537.36"
::1 - - [04/Oct/2021:21:49:28 +0000] "GET /signin HTTP/1.1" 304 - "http://localhost:8000/" "Mozilla/5.0 (Windows NT 10.0; Win64; x64) AppleWebKit/537.36 (KHTML, like Gecko) Chrome/94.0.4606.61 Safari/537.36"
::1 - - [04/Oct/2021:21:49:34 +0000] "POST /signin HTTP/1.1" 302 66 "http://localhost:8000/signin" "Mozilla/5.0 (Windows NT 10.0; Win64; x64) AppleWebKit/537.36 (KHTML, like Gecko) Chrome/94.0.4606.61 Safari/537.36"
::1 - - [04/Oct/2021:21:49:34 +0000] "GET /users/feed HTTP/1.1" 200 13365 "http://localhost:8000/signin" "Mozilla/5.0 (Windows NT 10.0; Win64; x64) AppleWebKit/537.36 (KHTML, like Gecko) Chrome/94.0.4606.61 Safari/537.36"
::1 - - [04/Oct/2021:21:49:35 +0000] "GET /images/default-user-image.png HTTP/1.1" 404 168 "http://localhost:8000/users/feed" "Mozilla/5.0 (Windows NT 10.0; Win64; x64) AppleWebKit/537.36 (KHTML, like Gecko) Chrome/94.0.4606.61 Safari/537.36"
::1 - - [04/Oct/2021:21:49:35 +0000] "GET /images/sidenav-bg.jpg HTTP/1.1" 404 160 "http://localhost:8000/users/feed" "Mozilla/5.0 (Windows NT 10.0; Win64; x64) AppleWebKit/537.36 (KHTML, like Gecko) Chrome/94.0.4606.61 Safari/537.36"
::1 - - [04/Oct/2021:22:00:41 +0000] "GET / HTTP/1.1" 302 66 "http://localhost:8000/signin" "Mozilla/5.0 (Windows NT 10.0; Win64; x64) AppleWebKit/537.36 (KHTML, like Gecko) Chrome/94.0.4606.61 Safari/537.36"
::1 - - [04/Oct/2021:22:00:41 +0000] "GET /users/feed HTTP/1.1" 200 13123 "http://localhost:8000/signin" "Mozilla/5.0 (Windows NT 10.0; Win64; x64) AppleWebKit/537.36 (KHTML, like Gecko) Chrome/94.0.4606.61 Safari/537.36"
::1 - - [04/Oct/2021:22:00:45 +0000] "GET /chat HTTP/1.1" 200 7979 "http://localhost:8000/users/feed" "Mozilla/5.0 (Windows NT 10.0; Win64; x64) AppleWebKit/537.36 (KHTML, like Gecko) Chrome/94.0.4606.61 Safari/537.36"
::1 - - [04/Oct/2021:22:00:51 +0000] "GET /users/sign-out HTTP/1.1" 302 46 "http://localhost:8000/chat" "Mozilla/5.0 (Windows NT 10.0; Win64; x64) AppleWebKit/537.36 (KHTML, like Gecko) Chrome/94.0.4606.61 Safari/537.36"
::1 - - [04/Oct/2021:22:00:51 +0000] "GET / HTTP/1.1" 200 2772 "http://localhost:8000/chat" "Mozilla/5.0 (Windows NT 10.0; Win64; x64) AppleWebKit/537.36 (KHTML, like Gecko) Chrome/94.0.4606.61 Safari/537.36"
::1 - - [04/Oct/2021:22:01:01 +0000] "GET /signin HTTP/1.1" 200 3000 "http://localhost:8000/" "Mozilla/5.0 (Windows NT 10.0; Win64; x64) AppleWebKit/537.36 (KHTML, like Gecko) Chrome/94.0.4606.61 Safari/537.36"
::1 - - [04/Oct/2021:22:01:17 +0000] "GET /signup HTTP/1.1" 200 3224 "http://localhost:8000/signin" "Mozilla/5.0 (Windows NT 10.0; Win64; x64) AppleWebKit/537.36 (KHTML, like Gecko) Chrome/94.0.4606.61 Safari/537.36"
::1 - - [04/Oct/2021:22:01:18 +0000] "GET /signin HTTP/1.1" 304 - "http://localhost:8000/signup" "Mozilla/5.0 (Windows NT 10.0; Win64; x64) AppleWebKit/537.36 (KHTML, like Gecko) Chrome/94.0.4606.61 Safari/537.36"
::1 - - [04/Oct/2021:22:01:20 +0000] "GET /signup HTTP/1.1" 304 - "http://localhost:8000/signin" "Mozilla/5.0 (Windows NT 10.0; Win64; x64) AppleWebKit/537.36 (KHTML, like Gecko) Chrome/94.0.4606.61 Safari/537.36"
::1 - - [04/Oct/2021:22:01:22 +0000] "GET /signin HTTP/1.1" 304 - "http://localhost:8000/signup" "Mozilla/5.0 (Windows NT 10.0; Win64; x64) AppleWebKit/537.36 (KHTML, like Gecko) Chrome/94.0.4606.61 Safari/537.36"
::1 - - [04/Oct/2021:22:01:25 +0000] "GET /reset-password HTTP/1.1" 200 2542 "http://localhost:8000/signin" "Mozilla/5.0 (Windows NT 10.0; Win64; x64) AppleWebKit/537.36 (KHTML, like Gecko) Chrome/94.0.4606.61 Safari/537.36"
::1 - - [04/Oct/2021:22:01:31 +0000] "POST /reset-password HTTP/1.1" 302 204 "http://localhost:8000/reset-password" "Mozilla/5.0 (Windows NT 10.0; Win64; x64) AppleWebKit/537.36 (KHTML, like Gecko) Chrome/94.0.4606.61 Safari/537.36"
::1 - - [04/Oct/2021:22:01:31 +0000] "GET /reset-password/otp/6c2a97a5e398878f76b98180ed09923620cfabe7fa1b125a1a1b45af917f HTTP/1.1" 200 2895 "http://localhost:8000/reset-password" "Mozilla/5.0 (Windows NT 10.0; Win64; x64) AppleWebKit/537.36 (KHTML, like Gecko) Chrome/94.0.4606.61 Safari/537.36"
::1 - - [04/Oct/2021:22:02:43 +0000] "POST /reset-password/otp/6c2a97a5e398878f76b98180ed09923620cfabe7fa1b125a1a1b45af917f HTTP/1.1" 302 228 "http://localhost:8000/reset-password/otp/6c2a97a5e398878f76b98180ed09923620cfabe7fa1b125a1a1b45af917f" "Mozilla/5.0 (Windows NT 10.0; Win64; x64) AppleWebKit/537.36 (KHTML, like Gecko) Chrome/94.0.4606.61 Safari/537.36"
::1 - - [04/Oct/2021:22:02:43 +0000] "GET /reset-password/change-password/6c2a97a5e398878f76b98180ed09923620cfabe7fa1b125a1a1b45af917f HTTP/1.1" 200 2866 "http://localhost:8000/reset-password/otp/6c2a97a5e398878f76b98180ed09923620cfabe7fa1b125a1a1b45af917f" "Mozilla/5.0 (Windows NT 10.0; Win64; x64) AppleWebKit/537.36 (KHTML, like Gecko) Chrome/94.0.4606.61 Safari/537.36"
::1 - - [04/Oct/2021:22:02:53 +0000] "POST /reset-password/change-password/6c2a97a5e398878f76b98180ed09923620cfabe7fa1b125a1a1b45af917f HTTP/1.1" 302 58 "http://localhost:8000/reset-password/change-password/6c2a97a5e398878f76b98180ed09923620cfabe7fa1b125a1a1b45af917f" "Mozilla/5.0 (Windows NT 10.0; Win64; x64) AppleWebKit/537.36 (KHTML, like Gecko) Chrome/94.0.4606.61 Safari/537.36"
::1 - - [04/Oct/2021:22:02:53 +0000] "GET /signin HTTP/1.1" 200 3250 "http://localhost:8000/reset-password/change-password/6c2a97a5e398878f76b98180ed09923620cfabe7fa1b125a1a1b45af917f" "Mozilla/5.0 (Windows NT 10.0; Win64; x64) AppleWebKit/537.36 (KHTML, like Gecko) Chrome/94.0.4606.61 Safari/537.36"
::1 - - [04/Oct/2021:22:02:58 +0000] "POST /signin HTTP/1.1" 302 66 "http://localhost:8000/signin" "Mozilla/5.0 (Windows NT 10.0; Win64; x64) AppleWebKit/537.36 (KHTML, like Gecko) Chrome/94.0.4606.61 Safari/537.36"
::1 - - [04/Oct/2021:22:02:58 +0000] "GET /users/feed HTTP/1.1" 200 14298 "http://localhost:8000/signin" "Mozilla/5.0 (Windows NT 10.0; Win64; x64) AppleWebKit/537.36 (KHTML, like Gecko) Chrome/94.0.4606.61 Safari/537.36"
::1 - - [04/Oct/2021:22:03:01 +0000] "GET /chat HTTP/1.1" 200 7975 "http://localhost:8000/users/feed" "Mozilla/5.0 (Windows NT 10.0; Win64; x64) AppleWebKit/537.36 (KHTML, like Gecko) Chrome/94.0.4606.61 Safari/537.36"
::1 - - [04/Oct/2021:22:03:24 +0000] "GET / HTTP/1.1" 200 2533 "-" "Mozilla/5.0 (Windows NT 10.0; Win64; x64) AppleWebKit/537.36 (KHTML, like Gecko) Chrome/94.0.4606.71 Safari/537.36 Edg/94.0.992.38"
::1 - - [04/Oct/2021:22:03:25 +0000] "GET /favicon.ico HTTP/1.1" 404 150 "http://localhost:8000/" "Mozilla/5.0 (Windows NT 10.0; Win64; x64) AppleWebKit/537.36 (KHTML, like Gecko) Chrome/94.0.4606.71 Safari/537.36 Edg/94.0.992.38"
::1 - - [04/Oct/2021:22:03:34 +0000] "GET /signin HTTP/1.1" 200 3000 "http://localhost:8000/" "Mozilla/5.0 (Windows NT 10.0; Win64; x64) AppleWebKit/537.36 (KHTML, like Gecko) Chrome/94.0.4606.71 Safari/537.36 Edg/94.0.992.38"
::1 - - [04/Oct/2021:22:03:49 +0000] "POST /signin HTTP/1.1" 302 66 "http://localhost:8000/signin" "Mozilla/5.0 (Windows NT 10.0; Win64; x64) AppleWebKit/537.36 (KHTML, like Gecko) Chrome/94.0.4606.71 Safari/537.36 Edg/94.0.992.38"
::1 - - [04/Oct/2021:22:03:50 +0000] "GET /users/feed HTTP/1.1" 200 13365 "http://localhost:8000/signin" "Mozilla/5.0 (Windows NT 10.0; Win64; x64) AppleWebKit/537.36 (KHTML, like Gecko) Chrome/94.0.4606.71 Safari/537.36 Edg/94.0.992.38"
::1 - - [04/Oct/2021:22:03:58 +0000] "GET /chat HTTP/1.1" 200 7979 "http://localhost:8000/users/feed" "Mozilla/5.0 (Windows NT 10.0; Win64; x64) AppleWebKit/537.36 (KHTML, like Gecko) Chrome/94.0.4606.71 Safari/537.36 Edg/94.0.992.38"
::1 - - [04/Oct/2021:22:04:14 +0000] "GET /chat/fetch-user/?id=6137254f2b10847590a974e1 HTTP/1.1" 200 11051 "http://localhost:8000/chat" "Mozilla/5.0 (Windows NT 10.0; Win64; x64) AppleWebKit/537.36 (KHTML, like Gecko) Chrome/94.0.4606.61 Safari/537.36"
::1 - - [04/Oct/2021:22:04:15 +0000] "POST /chat/create-message HTTP/1.1" 200 26 "http://localhost:8000/chat" "Mozilla/5.0 (Windows NT 10.0; Win64; x64) AppleWebKit/537.36 (KHTML, like Gecko) Chrome/94.0.4606.61 Safari/537.36"
::1 - - [04/Oct/2021:22:04:22 +0000] "GET /chat/fetch-user/?id=61366bcd61f496986c9b636d HTTP/1.1" 200 11254 "http://localhost:8000/chat" "Mozilla/5.0 (Windows NT 10.0; Win64; x64) AppleWebKit/537.36 (KHTML, like Gecko) Chrome/94.0.4606.71 Safari/537.36 Edg/94.0.992.38"
::1 - - [04/Oct/2021:22:04:25 +0000] "POST /chat/create-message HTTP/1.1" 200 26 "http://localhost:8000/chat" "Mozilla/5.0 (Windows NT 10.0; Win64; x64) AppleWebKit/537.36 (KHTML, like Gecko) Chrome/94.0.4606.71 Safari/537.36 Edg/94.0.992.38"
::1 - - [04/Oct/2021:22:04:25 +0000] "GET /favicon.ico HTTP/1.1" 404 150 "http://localhost:8000/chat" "Mozilla/5.0 (Windows NT 10.0; Win64; x64) AppleWebKit/537.36 (KHTML, like Gecko) Chrome/94.0.4606.61 Safari/537.36"
::1 - - [04/Oct/2021:22:04:40 +0000] "POST /chat/create-message HTTP/1.1" 200 26 "http://localhost:8000/chat" "Mozilla/5.0 (Windows NT 10.0; Win64; x64) AppleWebKit/537.36 (KHTML, like Gecko) Chrome/94.0.4606.71 Safari/537.36 Edg/94.0.992.38"
::1 - - [04/Oct/2021:22:04:45 +0000] "GET /chat/fetch-user/?id=6138b7c0c16bea8ba8666256 HTTP/1.1" 200 2848 "http://localhost:8000/chat" "Mozilla/5.0 (Windows NT 10.0; Win64; x64) AppleWebKit/537.36 (KHTML, like Gecko) Chrome/94.0.4606.71 Safari/537.36 Edg/94.0.992.38"
::1 - - [04/Oct/2021:22:04:47 +0000] "GET /chat/fetch-user/?id=6138b7c0c16bea8ba8666256 HTTP/1.1" 200 797 "http://localhost:8000/chat" "Mozilla/5.0 (Windows NT 10.0; Win64; x64) AppleWebKit/537.36 (KHTML, like Gecko) Chrome/94.0.4606.61 Safari/537.36"
::1 - - [04/Oct/2021:22:04:48 +0000] "GET /chat/fetch-user/?id=6137254f2b10847590a974e1 HTTP/1.1" 200 11667 "http://localhost:8000/chat" "Mozilla/5.0 (Windows NT 10.0; Win64; x64) AppleWebKit/537.36 (KHTML, like Gecko) Chrome/94.0.4606.61 Safari/537.36"
::1 - - [04/Oct/2021:22:04:50 +0000] "GET /chat/fetch-user/?id=61366bcd61f496986c9b636d HTTP/1.1" 200 11668 "http://localhost:8000/chat" "Mozilla/5.0 (Windows NT 10.0; Win64; x64) AppleWebKit/537.36 (KHTML, like Gecko) Chrome/94.0.4606.71 Safari/537.36 Edg/94.0.992.38"
::1 - - [04/Oct/2021:22:04:51 +0000] "GET /chat/fetch-user/?id=6138b7c0c16bea8ba8666256 HTTP/1.1" 304 - "http://localhost:8000/chat" "Mozilla/5.0 (Windows NT 10.0; Win64; x64) AppleWebKit/537.36 (KHTML, like Gecko) Chrome/94.0.4606.71 Safari/537.36 Edg/94.0.992.38"
::1 - - [04/Oct/2021:22:04:57 +0000] "GET / HTTP/1.1" 302 66 "http://localhost:8000/chat" "Mozilla/5.0 (Windows NT 10.0; Win64; x64) AppleWebKit/537.36 (KHTML, like Gecko) Chrome/94.0.4606.71 Safari/537.36 Edg/94.0.992.38"
::1 - - [04/Oct/2021:22:04:57 +0000] "GET /users/feed HTTP/1.1" 200 13123 "http://localhost:8000/chat" "Mozilla/5.0 (Windows NT 10.0; Win64; x64) AppleWebKit/537.36 (KHTML, like Gecko) Chrome/94.0.4606.71 Safari/537.36 Edg/94.0.992.38"
::1 - - [04/Oct/2021:22:04:59 +0000] "GET /users/sign-out HTTP/1.1" 302 46 "http://localhost:8000/users/feed" "Mozilla/5.0 (Windows NT 10.0; Win64; x64) AppleWebKit/537.36 (KHTML, like Gecko) Chrome/94.0.4606.71 Safari/537.36 Edg/94.0.992.38"
::1 - - [04/Oct/2021:22:04:59 +0000] "GET / HTTP/1.1" 200 2772 "http://localhost:8000/users/feed" "Mozilla/5.0 (Windows NT 10.0; Win64; x64) AppleWebKit/537.36 (KHTML, like Gecko) Chrome/94.0.4606.71 Safari/537.36 Edg/94.0.992.38"
::1 - - [04/Oct/2021:22:05:02 +0000] "GET /users/sign-out HTTP/1.1" 302 46 "http://localhost:8000/chat" "Mozilla/5.0 (Windows NT 10.0; Win64; x64) AppleWebKit/537.36 (KHTML, like Gecko) Chrome/94.0.4606.61 Safari/537.36"
::1 - - [04/Oct/2021:22:05:02 +0000] "GET / HTTP/1.1" 304 - "http://localhost:8000/chat" "Mozilla/5.0 (Windows NT 10.0; Win64; x64) AppleWebKit/537.36 (KHTML, like Gecko) Chrome/94.0.4606.61 Safari/537.36"
[0mGET / [32m200[0m 21.381 ms - 2489[0m
[0mGET /favicon.ico [33m404[0m 34.057 ms - 150[0m
[0mGET /signin [32m200[0m 12.251 ms - 2956[0m
[0mPOST /signin [36m302[0m 13.833 ms - 66[0m
[0mGET /users/feed [32m200[0m 38.845 ms - 13310[0m
[0mGET / [36m302[0m 29.757 ms - 66[0m
[0mGET /users/feed [32m200[0m 36.769 ms - 13068[0m
[0mGET / [32m200[0m 7.955 ms - 2489[0m
[0mGET /favicon.ico [33m404[0m 4.679 ms - 150[0m
[0mGET /signin [32m200[0m 6.911 ms - 2956[0m
[0mPOST /signin [36m302[0m 5.750 ms - 66[0m
[0mGET /users/feed [32m200[0m 39.939 ms - 14243[0m
[0mGET /chat [32m200[0m 21.620 ms - 7920[0m
[0mGET /chat [32m200[0m 13.586 ms - 7924[0m
[0mGET /chat/fetch-user/?id=6137254f2b10847590a974e1 [32m200[0m 30.088 ms - 11667[0m
[0mPOST /chat/create-message [32m200[0m 8.162 ms - 26[0m
[0mGET /favicon.ico [33m404[0m 5.506 ms - 150[0m
[0mGET /chat/fetch-user/?id=61366bcd61f496986c9b636d [32m200[0m 29.926 ms - 11870[0m
[0mPOST /chat/create-message [32m200[0m 6.138 ms - 26[0m
[0mGET /users/sign-out [36m302[0m 8.346 ms - 46[0m
[0mGET / [32m200[0m 3.409 ms - 2728[0m
[0mGET / [32m200[0m 20.400 ms - 2489[0m
::1 - - [05/Oct/2021:10:41:54 +0000] "GET / HTTP/1.1" 200 2533 "http://localhost:8000/chat" "Mozilla/5.0 (Windows NT 10.0; Win64; x64) AppleWebKit/537.36 (KHTML, like Gecko) Chrome/94.0.4606.71 Safari/537.36"
::1 - - [05/Oct/2021:10:42:00 +0000] "GET /signin HTTP/1.1" 200 3000 "http://localhost:8000/" "Mozilla/5.0 (Windows NT 10.0; Win64; x64) AppleWebKit/537.36 (KHTML, like Gecko) Chrome/94.0.4606.71 Safari/537.36"
::1 - - [05/Oct/2021:10:42:05 +0000] "POST /signin HTTP/1.1" 302 66 "http://localhost:8000/signin" "Mozilla/5.0 (Windows NT 10.0; Win64; x64) AppleWebKit/537.36 (KHTML, like Gecko) Chrome/94.0.4606.71 Safari/537.36"
::1 - - [05/Oct/2021:10:42:05 +0000] "GET /users/feed HTTP/1.1" 200 12930 "http://localhost:8000/signin" "Mozilla/5.0 (Windows NT 10.0; Win64; x64) AppleWebKit/537.36 (KHTML, like Gecko) Chrome/94.0.4606.71 Safari/537.36"
::1 - - [05/Oct/2021:10:43:09 +0000] "GET / HTTP/1.1" 200 2533 "-" "Mozilla/5.0 (Windows NT 10.0; Win64; x64) AppleWebKit/537.36 (KHTML, like Gecko) Chrome/94.0.4606.71 Safari/537.36 Edg/94.0.992.38"
::1 - - [05/Oct/2021:10:43:09 +0000] "GET /favicon.ico HTTP/1.1" 404 150 "http://localhost:8000/" "Mozilla/5.0 (Windows NT 10.0; Win64; x64) AppleWebKit/537.36 (KHTML, like Gecko) Chrome/94.0.4606.71 Safari/537.36 Edg/94.0.992.38"
::1 - - [05/Oct/2021:10:43:19 +0000] "GET /signin HTTP/1.1" 200 3000 "http://localhost:8000/" "Mozilla/5.0 (Windows NT 10.0; Win64; x64) AppleWebKit/537.36 (KHTML, like Gecko) Chrome/94.0.4606.71 Safari/537.36 Edg/94.0.992.38"
::1 - - [05/Oct/2021:10:43:30 +0000] "POST /signin HTTP/1.1" 302 66 "http://localhost:8000/signin" "Mozilla/5.0 (Windows NT 10.0; Win64; x64) AppleWebKit/537.36 (KHTML, like Gecko) Chrome/94.0.4606.71 Safari/537.36 Edg/94.0.992.38"
::1 - - [05/Oct/2021:10:43:30 +0000] "GET /users/feed HTTP/1.1" 200 14298 "http://localhost:8000/signin" "Mozilla/5.0 (Windows NT 10.0; Win64; x64) AppleWebKit/537.36 (KHTML, like Gecko) Chrome/94.0.4606.71 Safari/537.36 Edg/94.0.992.38"
::1 - - [05/Oct/2021:10:49:44 +0000] "GET / HTTP/1.1" 302 66 "-" "Mozilla/5.0 (Windows NT 10.0; Win64; x64) AppleWebKit/537.36 (KHTML, like Gecko) Chrome/94.0.4606.71 Safari/537.36"
::1 - - [05/Oct/2021:10:49:44 +0000] "GET /users/feed HTTP/1.1" 200 12688 "-" "Mozilla/5.0 (Windows NT 10.0; Win64; x64) AppleWebKit/537.36 (KHTML, like Gecko) Chrome/94.0.4606.71 Safari/537.36"
::ffff:127.0.0.1 - - [05/Oct/2021:10:51:52 +0000] "GET / HTTP/1.1" 200 2533 "-" "Mozilla/5.0 (Windows NT 10.0; Win64; x64; rv:84.0) Gecko/20100101 Firefox/84.0"
::ffff:127.0.0.1 - - [05/Oct/2021:10:51:55 +0000] "GET /favicon.ico HTTP/1.1" 404 150 "http://localhost:8000/" "Mozilla/5.0 (Windows NT 10.0; Win64; x64; rv:84.0) Gecko/20100101 Firefox/84.0"
::ffff:127.0.0.1 - - [05/Oct/2021:10:51:58 +0000] "GET /signin HTTP/1.1" 200 3000 "http://localhost:8000/" "Mozilla/5.0 (Windows NT 10.0; Win64; x64; rv:84.0) Gecko/20100101 Firefox/84.0"
::ffff:127.0.0.1 - - [05/Oct/2021:10:52:11 +0000] "POST /signin HTTP/1.1" 302 66 "http://localhost:8000/signin" "Mozilla/5.0 (Windows NT 10.0; Win64; x64; rv:84.0) Gecko/20100101 Firefox/84.0"
::ffff:127.0.0.1 - - [05/Oct/2021:10:52:11 +0000] "GET /users/feed HTTP/1.1" 200 14298 "http://localhost:8000/signin" "Mozilla/5.0 (Windows NT 10.0; Win64; x64; rv:84.0) Gecko/20100101 Firefox/84.0"
::ffff:127.0.0.1 - - [05/Oct/2021:10:52:11 +0000] "GET /favicon.ico HTTP/1.1" - - "http://localhost:8000/users/feed" "Mozilla/5.0 (Windows NT 10.0; Win64; x64; rv:84.0) Gecko/20100101 Firefox/84.0"
::ffff:127.0.0.1 - - [05/Oct/2021:10:52:14 +0000] "GET /chat HTTP/1.1" 200 7975 "http://localhost:8000/users/feed" "Mozilla/5.0 (Windows NT 10.0; Win64; x64; rv:84.0) Gecko/20100101 Firefox/84.0"
::1 - - [05/Oct/2021:10:52:29 +0000] "GET /chat HTTP/1.1" 200 7994 "http://localhost:8000/users/feed" "Mozilla/5.0 (Windows NT 10.0; Win64; x64) AppleWebKit/537.36 (KHTML, like Gecko) Chrome/94.0.4606.71 Safari/537.36"
::1 - - [05/Oct/2021:10:52:47 +0000] "GET /chat/fetch-user/?id=61366bcd61f496986c9b636d HTTP/1.1" 200 789 "http://localhost:8000/chat" "Mozilla/5.0 (Windows NT 10.0; Win64; x64) AppleWebKit/537.36 (KHTML, like Gecko) Chrome/94.0.4606.71 Safari/537.36"
::1 - - [05/Oct/2021:10:52:51 +0000] "GET /chat/fetch-user/?id=6137254f2b10847590a974e1 HTTP/1.1" 200 2839 "http://localhost:8000/chat" "Mozilla/5.0 (Windows NT 10.0; Win64; x64) AppleWebKit/537.36 (KHTML, like Gecko) Chrome/94.0.4606.71 Safari/537.36"
::1 - - [05/Oct/2021:10:52:54 +0000] "GET /chat/fetch-user/?id=61366bcd61f496986c9b636d HTTP/1.1" 304 - "http://localhost:8000/chat" "Mozilla/5.0 (Windows NT 10.0; Win64; x64) AppleWebKit/537.36 (KHTML, like Gecko) Chrome/94.0.4606.71 Safari/537.36"
::ffff:127.0.0.1 - - [05/Oct/2021:10:52:56 +0000] "GET /chat/fetch-user/?id=6137254f2b10847590a974e1 HTTP/1.1" 200 12075 "http://localhost:8000/chat" "Mozilla/5.0 (Windows NT 10.0; Win64; x64; rv:84.0) Gecko/20100101 Firefox/84.0"
::1 - - [05/Oct/2021:10:53:14 +0000] "POST /chat/create-message HTTP/1.1" 200 26 "http://localhost:8000/chat" "Mozilla/5.0 (Windows NT 10.0; Win64; x64) AppleWebKit/537.36 (KHTML, like Gecko) Chrome/94.0.4606.71 Safari/537.36"
::ffff:127.0.0.1 - - [05/Oct/2021:10:53:17 +0000] "GET /chat/fetch-user/?id=6138b7c0c16bea8ba8666256 HTTP/1.1" 200 999 "http://localhost:8000/chat" "Mozilla/5.0 (Windows NT 10.0; Win64; x64; rv:84.0) Gecko/20100101 Firefox/84.0"
::ffff:127.0.0.1 - - [05/Oct/2021:10:53:21 +0000] "POST /chat/create-message HTTP/1.1" 200 26 "http://localhost:8000/chat" "Mozilla/5.0 (Windows NT 10.0; Win64; x64; rv:84.0) Gecko/20100101 Firefox/84.0"
::1 - - [05/Oct/2021:10:53:21 +0000] "GET /favicon.ico HTTP/1.1" 404 150 "http://localhost:8000/chat" "Mozilla/5.0 (Windows NT 10.0; Win64; x64) AppleWebKit/537.36 (KHTML, like Gecko) Chrome/94.0.4606.71 Safari/537.36"
::1 - - [05/Oct/2021:10:53:27 +0000] "POST /chat/create-message HTTP/1.1" 200 26 "http://localhost:8000/chat" "Mozilla/5.0 (Windows NT 10.0; Win64; x64) AppleWebKit/537.36 (KHTML, like Gecko) Chrome/94.0.4606.71 Safari/537.36"
::ffff:127.0.0.1 - - [05/Oct/2021:10:53:37 +0000] "POST /chat/create-message HTTP/1.1" 200 26 "http://localhost:8000/chat" "Mozilla/5.0 (Windows NT 10.0; Win64; x64; rv:84.0) Gecko/20100101 Firefox/84.0"
::ffff:127.0.0.1 - - [05/Oct/2021:10:53:42 +0000] "GET /chat/fetch-user/?id=6137254f2b10847590a974e1 HTTP/1.1" 304 - "http://localhost:8000/chat" "Mozilla/5.0 (Windows NT 10.0; Win64; x64; rv:84.0) Gecko/20100101 Firefox/84.0"
::1 - - [05/Oct/2021:10:53:43 +0000] "GET /chat/fetch-user/?id=6137254f2b10847590a974e1 HTTP/1.1" 304 - "http://localhost:8000/chat" "Mozilla/5.0 (Windows NT 10.0; Win64; x64) AppleWebKit/537.36 (KHTML, like Gecko) Chrome/94.0.4606.71 Safari/537.36"
::1 - - [05/Oct/2021:10:53:49 +0000] "POST /chat/create-message HTTP/1.1" 200 26 "http://localhost:8000/chat" "Mozilla/5.0 (Windows NT 10.0; Win64; x64) AppleWebKit/537.36 (KHTML, like Gecko) Chrome/94.0.4606.71 Safari/537.36"
::1 - - [05/Oct/2021:10:54:34 +0000] "GET / HTTP/1.1" 302 66 "http://localhost:8000/chat" "Mozilla/5.0 (Windows NT 10.0; Win64; x64) AppleWebKit/537.36 (KHTML, like Gecko) Chrome/94.0.4606.71 Safari/537.36"
::1 - - [05/Oct/2021:10:54:34 +0000] "GET /users/feed HTTP/1.1" 304 - "http://localhost:8000/chat" "Mozilla/5.0 (Windows NT 10.0; Win64; x64) AppleWebKit/537.36 (KHTML, like Gecko) Chrome/94.0.4606.71 Safari/537.36"
::ffff:127.0.0.1 - - [05/Oct/2021:10:54:36 +0000] "GET / HTTP/1.1" 302 66 "http://localhost:8000/chat" "Mozilla/5.0 (Windows NT 10.0; Win64; x64; rv:84.0) Gecko/20100101 Firefox/84.0"
::ffff:127.0.0.1 - - [05/Oct/2021:10:54:36 +0000] "GET /users/feed HTTP/1.1" 200 14056 "http://localhost:8000/chat" "Mozilla/5.0 (Windows NT 10.0; Win64; x64; rv:84.0) Gecko/20100101 Firefox/84.0"
::1 - - [05/Oct/2021:11:03:22 +0000] "GET / HTTP/1.1" 302 66 "-" "Mozilla/5.0 (Windows NT 10.0; Win64; x64) AppleWebKit/537.36 (KHTML, like Gecko) Chrome/94.0.4606.71 Safari/537.36"
::1 - - [05/Oct/2021:11:03:22 +0000] "GET /users/feed HTTP/1.1" 304 - "-" "Mozilla/5.0 (Windows NT 10.0; Win64; x64) AppleWebKit/537.36 (KHTML, like Gecko) Chrome/94.0.4606.71 Safari/537.36"
::1 - - [05/Oct/2021:11:03:29 +0000] "POST /comments/create HTTP/1.1" 200 563 "http://localhost:8000/users/feed" "Mozilla/5.0 (Windows NT 10.0; Win64; x64) AppleWebKit/537.36 (KHTML, like Gecko) Chrome/94.0.4606.71 Safari/537.36"
